#
# A fatal error has been detected by the Java Runtime Environment:
#
#  SIGSEGV (0xb) at pc=0x0000000000000000, pid=7646, tid=0x00007fbd7c176700
#
# JRE version: OpenJDK Runtime Environment (8.0_111-b14) (build 1.8.0_111-8u111-b14-2ubuntu0.16.04.2-b14)
# Java VM: OpenJDK 64-Bit Server VM (25.111-b14 mixed mode linux-amd64 compressed oops)
# Problematic frame:
# C  0x0000000000000000
#
# Failed to write core dump. Core dumps have been disabled. To enable core dumping, try "ulimit -c unlimited" before starting Java again
#
# If you would like to submit a bug report, please visit:
#   http://bugreport.java.com/bugreport/crash.jsp
#

---------------  T H R E A D  ---------------

Current thread is native thread

siginfo: si_signo: 11 (SIGSEGV), si_code: 1 (SEGV_MAPERR), si_addr: 0x0000000000000000

Registers:
RAX=0x00007fbd5fdf87c0, RBX=0x0000000000000400, RCX=0x00007fbdb0387a00, RDX=0x00007fbdb0387a00
RSP=0x00007fbd7c175d58, RBP=0x00007fbdb03728a0, RSI=0x0000000000000000, RDI=0x00007fbdb03728a0
R8 =0x0000000001fe2c00, R9 =0x0000000000000001, R10=0x00007fbdb03728c4, R11=0x0000000000000000
R12=0x00007fbdb0376a30, R13=0x0000000000012000, R14=0x0000000000001000, R15=0x00007fbd7c175f08
RIP=0x0000000000000000, EFLAGS=0x0000000000010246, CSGSFS=0x0000000000000033, ERR=0x0000000000000014
  TRAPNO=0x000000000000000e

Top of Stack: (sp=0x00007fbd7c175d58)
0x00007fbd7c175d58:   00007fbd5fbc14d1 0000000038000000
0x00007fbd7c175d68:   0000000000000000 00000000bb800000
0x00007fbd7c175d78:   00007fbd5f746cd8 00007fbd00000000
0x00007fbd7c175d88:   00007fbd5f4f6922 0000000000000000
0x00007fbd7c175d98:   00007fbd48007e20 00007fbd3c000b80
0x00007fbd7c175da8:   00007fbdb69d1709 0000000000000000
0x00007fbd7c175db8:   00007fbd5f4eedab 00007fbd48000c40
0x00007fbd7c175dc8:   0000000000000000 0000000000002000
0x00007fbd7c175dd8:   0000000000000000 00007fbdb036e900
0x00007fbd7c175de8:   00007fbd5f9749fa 5700000000000000
0x00007fbd7c175df8:   339c6577ab238300 0000000000000000
0x00007fbd7c175e08:   00007fbd5f974b04 0000000000000000
0x00007fbd7c175e18:   00007fbd5f4f6922 0000000000002000
0x00007fbd7c175e28:   00007fbdb036e3a0 0000000000002000
0x00007fbd7c175e38:   00007fbd5f4ff0e2 0000000000002000
0x00007fbd7c175e48:   00007fbdb0376a30 00007fbdb0376a30
0x00007fbd7c175e58:   0000000000002000 00007fbdb036e3a0
0x00007fbd7c175e68:   00007fbd500ef040 000004007c175f00
0x00007fbd7c175e78:   00007fbd7c175e90 00007fbd7c175eb0
0x00007fbd7c175e88:   00007fbd5f978a09 00001fa00000037f
0x00007fbd7c175e98:   00007fbdb036e900 0000000000000000
0x00007fbd7c175ea8:   0000000000002000 00007fbdb036b9d0
0x00007fbd7c175eb8:   0000000000000000 00007fbdb03728a0
0x00007fbd7c175ec8:   0000000000000008 00007fbd7c175f08
0x00007fbd7c175ed8:   00007fbd5fbd7544 0000000000000000
0x00007fbd7c175ee8:   00007fbd7c175f00 0000000000002000
0x00007fbd7c175ef8:   00000000000063d8 00007fbd500ef040
0x00007fbd7c175f08:   0000000000002000 0000000000000000
0x00007fbd7c175f18:   00007fbdb0371a50 0000000000000000
0x00007fbd7c175f28:   0000000000000000 00007fbdb70aac8f
0x00007fbd7c175f38:   00007fbd7c1769c0 0000000000000000
0x00007fbd7c175f48:   00007fbd5fbca73a 0000000000000000 

Instructions: (pc=0x0000000000000000)
0xffffffffffffffe0:   

Register to memory mapping:

RAX=0x00007fbd5fdf87c0: <offset 0x2577c0> in /tmp/libgdxjeffbustercase/31ce78a2/libopenal64.so at 0x00007fbd5fba1000
RBX=0x0000000000000400 is an unknown value
RCX=0x00007fbdb0387a00 is an unknown value
RDX=0x00007fbdb0387a00 is an unknown value
RSP=0x00007fbd7c175d58 is an unknown value
RBP=0x00007fbdb03728a0 is an unknown value
RSI=0x0000000000000000 is an unknown value
RDI=0x00007fbdb03728a0 is an unknown value
R8 =0x0000000001fe2c00 is an unknown value
R9 =0x0000000000000001 is an unknown value
R10=0x00007fbdb03728c4 is an unknown value
R11=0x0000000000000000 is an unknown value
R12=0x00007fbdb0376a30 is an unknown value
R13=0x0000000000012000 is an unknown value
R14=0x0000000000001000 is an unknown value
R15=0x00007fbd7c175f08 is an unknown value


Stack: [0x00007fbd7c076000,0x00007fbd7c177000],  sp=0x00007fbd7c175d58,  free space=1023k

---------------  P R O C E S S  ---------------

VM state:at safepoint (shutting down)

VM Mutex/Monitor currently owned by a thread:  ([mutex/lock_event])
[0x00007fbdb0008310] Threads_lock - owner thread: 0x00007fbdb0079800

Heap:
 PSYoungGen      total 17920K, used 7518K [0x00000000ec180000, 0x00000000ed580000, 0x0000000100000000)
  eden space 15360K, 32% used [0x00000000ec180000,0x00000000ec6592a8,0x00000000ed080000)
  from space 2560K, 99% used [0x00000000ed080000,0x00000000ed2fe778,0x00000000ed300000)
  to   space 2560K, 0% used [0x00000000ed300000,0x00000000ed300000,0x00000000ed580000)
 ParOldGen       total 40960K, used 441K [0x00000000c4400000, 0x00000000c6c00000, 0x00000000ec180000)
  object space 40960K, 1% used [0x00000000c4400000,0x00000000c446e7b0,0x00000000c6c00000)
 Metaspace       used 9770K, capacity 9947K, committed 9984K, reserved 1058816K
  class space    used 921K, capacity 998K, committed 1024K, reserved 1048576K

Card table byte_map: [0x00007fbda043a000,0x00007fbda0619000] byte_map_base: 0x00007fbd9fe18000

Marking Bits: (ParMarkBitMap*) 0x00007fbdb6283220
 Begin Bits: [0x00007fbd9e117000, 0x00007fbd9f007000)
 End Bits:   [0x00007fbd9f007000, 0x00007fbd9fef7000)

Polling page: 0x00007fbdb70d5000

CodeCache: size=245760Kb used=3872Kb max_used=3884Kb free=241887Kb
 bounds [0x00007fbda09d9000, 0x00007fbda0da9000, 0x00007fbdaf9d9000]
 total_blobs=1624 nmethods=1057 adapters=482
 compilation: enabled

Compilation events (10 events):
Event: 270,813 Thread 0x00007fbdb00af000 1053   !   4       sun.awt.X11.XToolkit::callTimeoutTasks (220 bytes)
Event: 270,815 Thread 0x00007fbdb00b2000 1054   !   4       sun.awt.X11.XToolkit::getNextTaskTime (55 bytes)
Event: 270,817 Thread 0x00007fbdb00af000 nmethod 1053 0x00007fbda0d8d490 code [0x00007fbda0d8d600, 0x00007fbda0d8d758]
Event: 270,831 Thread 0x00007fbdb00b2000 nmethod 1054 0x00007fbda0d9e110 code [0x00007fbda0d9e2c0, 0x00007fbda0d9e870]
Event: 458,115 Thread 0x00007fbdb00af000 1055       4       java.util.concurrent.locks.AbstractQueuedSynchronizer::shouldParkAfterFailedAcquire (50 bytes)
Event: 458,117 Thread 0x00007fbdb00af000 nmethod 1055 0x00007fbda0d8ccd0 code [0x00007fbda0d8ce20, 0x00007fbda0d8ceb8]
Event: 460,422 Thread 0x00007fbdb00b3800 1056  s    3       java.util.Hashtable::get (69 bytes)
Event: 460,423 Thread 0x00007fbdb00b3800 nmethod 1056 0x00007fbda0d9d610 code [0x00007fbda0d9d7c0, 0x00007fbda0d9ddd8]
Event: 460,607 Thread 0x00007fbdb00b2000 1057       4       java.util.concurrent.locks.ReentrantLock$Sync::tryRelease (45 bytes)
Event: 460,609 Thread 0x00007fbdb00b2000 nmethod 1057 0x00007fbda0da6210 code [0x00007fbda0da6360, 0x00007fbda0da6418]

GC Heap History (2 events):
Event: 1,473 GC heap before
{Heap before GC invocations=1 (full 0):
 PSYoungGen      total 17920K, used 15360K [0x00000000ec180000, 0x00000000ed580000, 0x0000000100000000)
  eden space 15360K, 100% used [0x00000000ec180000,0x00000000ed080000,0x00000000ed080000)
  from space 2560K, 0% used [0x00000000ed300000,0x00000000ed300000,0x00000000ed580000)
  to   space 2560K, 0% used [0x00000000ed080000,0x00000000ed080000,0x00000000ed300000)
 ParOldGen       total 40960K, used 0K [0x00000000c4400000, 0x00000000c6c00000, 0x00000000ec180000)
  object space 40960K, 0% used [0x00000000c4400000,0x00000000c4400000,0x00000000c6c00000)
 Metaspace       used 9189K, capacity 9403K, committed 9472K, reserved 1058816K
  class space    used 885K, capacity 966K, committed 1024K, reserved 1048576K
Event: 1,486 GC heap after
Heap after GC invocations=1 (full 0):
 PSYoungGen      total 17920K, used 2553K [0x00000000ec180000, 0x00000000ed580000, 0x0000000100000000)
  eden space 15360K, 0% used [0x00000000ec180000,0x00000000ec180000,0x00000000ed080000)
  from space 2560K, 99% used [0x00000000ed080000,0x00000000ed2fe778,0x00000000ed300000)
  to   space 2560K, 0% used [0x00000000ed300000,0x00000000ed300000,0x00000000ed580000)
 ParOldGen       total 40960K, used 441K [0x00000000c4400000, 0x00000000c6c00000, 0x00000000ec180000)
  object space 40960K, 1% used [0x00000000c4400000,0x00000000c446e7b0,0x00000000c6c00000)
 Metaspace       used 9189K, capacity 9403K, committed 9472K, reserved 1058816K
  class space    used 885K, capacity 966K, committed 1024K, reserved 1048576K
}

Deoptimization events (2 events):
Event: 0,881 Thread 0x00007fbdb0403000 Uncommon trap: reason=unstable_if action=reinterpret pc=0x00007fbda0b76a84 method=java.lang.String.replace(CC)Ljava/lang/String; @ 26
Event: 460,608 Thread 0x00007fbd28001800 Uncommon trap: reason=class_check action=maybe_recompile pc=0x00007fbda0d468cc method=java.util.concurrent.locks.AbstractQueuedSynchronizer.release(I)Z @ 2

Internal exceptions (10 events):
Event: 0,704 Thread 0x00007fbdb000c000 Exception <a 'java/security/PrivilegedActionException'> (0x00000000ec80c2f8) thrown at [/build/openjdk-8-8jAw7G/openjdk-8-8u111-b14/src/hotspot/src/share/vm/prims/jvm.cpp, line 1386]
Event: 0,704 Thread 0x00007fbdb000c000 Exception <a 'java/security/PrivilegedActionException'> (0x00000000ec80cf50) thrown at [/build/openjdk-8-8jAw7G/openjdk-8-8u111-b14/src/hotspot/src/share/vm/prims/jvm.cpp, line 1386]
Event: 0,704 Thread 0x00007fbdb000c000 Exception <a 'java/security/PrivilegedActionException'> (0x00000000ec80db78) thrown at [/build/openjdk-8-8jAw7G/openjdk-8-8u111-b14/src/hotspot/src/share/vm/prims/jvm.cpp, line 1386]
Event: 0,705 Thread 0x00007fbdb000c000 Exception <a 'java/security/PrivilegedActionException'> (0x00000000ec810088) thrown at [/build/openjdk-8-8jAw7G/openjdk-8-8u111-b14/src/hotspot/src/share/vm/prims/jvm.cpp, line 1386]
Event: 0,710 Thread 0x00007fbdb000c000 Exception <a 'java/security/PrivilegedActionException'> (0x00000000ec810dc8) thrown at [/build/openjdk-8-8jAw7G/openjdk-8-8u111-b14/src/hotspot/src/share/vm/prims/jvm.cpp, line 1386]
Event: 0,710 Thread 0x00007fbdb000c000 Exception <a 'java/security/PrivilegedActionException'> (0x00000000ec8119f0) thrown at [/build/openjdk-8-8jAw7G/openjdk-8-8u111-b14/src/hotspot/src/share/vm/prims/jvm.cpp, line 1386]
Event: 0,710 Thread 0x00007fbdb000c000 Exception <a 'java/security/PrivilegedActionException'> (0x00000000ec813c20) thrown at [/build/openjdk-8-8jAw7G/openjdk-8-8u111-b14/src/hotspot/src/share/vm/prims/jvm.cpp, line 1386]
Event: 0,710 Thread 0x00007fbdb000c000 Exception <a 'java/security/PrivilegedActionException'> (0x00000000ec814878) thrown at [/build/openjdk-8-8jAw7G/openjdk-8-8u111-b14/src/hotspot/src/share/vm/prims/jvm.cpp, line 1386]
Event: 0,710 Thread 0x00007fbdb000c000 Exception <a 'java/security/PrivilegedActionException'> (0x00000000ec8154a0) thrown at [/build/openjdk-8-8jAw7G/openjdk-8-8u111-b14/src/hotspot/src/share/vm/prims/jvm.cpp, line 1386]
Event: 0,925 Thread 0x00007fbdb0403000 Exception <a 'java/lang/NoClassDefFoundError': org/lwjgl/opengles/GLContext> (0x00000000ecc0bd20) thrown at [/build/openjdk-8-8jAw7G/openjdk-8-8u111-b14/src/hotspot/src/share/vm/classfile/systemDictionary.cpp, line 199]

Events (10 events):
Event: 460,506 loading class sun/awt/X11/XMSelectionListener
Event: 460,506 loading class sun/awt/X11/XMSelectionListener done
Event: 460,506 loading class sun/awt/X11/XSystemTrayPeer done
Event: 460,607 Thread 0x00007fbd28001800 Thread added: 0x00007fbd28001800
Event: 460,608 Thread 0x00007fbd28001800 Uncommon trap: trap_request=0xffffffde fr.pc=0x00007fbda0d468cc
Event: 460,608 Thread 0x00007fbd28001800 DEOPT PACKING pc=0x00007fbda0d468cc sp=0x00007fbd7c03b870
Event: 460,608 Thread 0x00007fbd28001800 DEOPT UNPACKING pc=0x00007fbda09ddf69 sp=0x00007fbd7c03b838 mode 2
Event: 460,688 Thread 0x00007fbd2c002800 Thread exited: 0x00007fbd2c002800
Event: 460,689 Thread 0x00007fbd2c001000 Thread exited: 0x00007fbd2c001000
Event: 460,690 Executing VM operation: Exit


Dynamic libraries:
00400000-00401000 r-xp 00000000 08:05 25954913                           /usr/lib/jvm/java-8-openjdk-amd64/jre/bin/java
00600000-00601000 r--p 00000000 08:05 25954913                           /usr/lib/jvm/java-8-openjdk-amd64/jre/bin/java
00601000-00602000 rw-p 00001000 08:05 25954913                           /usr/lib/jvm/java-8-openjdk-amd64/jre/bin/java
00870000-00891000 rw-p 00000000 00:00 0                                  [heap]
c4400000-c6c00000 rw-p 00000000 00:00 0 
c6c00000-ec180000 ---p 00000000 00:00 0 
ec180000-ed580000 rw-p 00000000 00:00 0 
ed580000-100000000 ---p 00000000 00:00 0 
100000000-100100000 rw-p 00000000 00:00 0 
100100000-140000000 ---p 00000000 00:00 0 
7fbd20000000-7fbd20021000 rw-p 00000000 00:00 0 
7fbd20021000-7fbd24000000 ---p 00000000 00:00 0 
7fbd28000000-7fbd28021000 rw-p 00000000 00:00 0 
7fbd28021000-7fbd2c000000 ---p 00000000 00:00 0 
7fbd2c000000-7fbd2c021000 rw-p 00000000 00:00 0 
7fbd2c021000-7fbd30000000 ---p 00000000 00:00 0 
7fbd31000000-7fbd34000000 rw-s 106f1a000 00:06 360                       /dev/dri/card0
7fbd34000000-7fbd34b0b000 rw-p 00000000 00:00 0 
7fbd34b0b000-7fbd38000000 ---p 00000000 00:00 0 
7fbd38000000-7fbd38021000 rw-p 00000000 00:00 0 
7fbd38021000-7fbd3c000000 ---p 00000000 00:00 0 
7fbd3c000000-7fbd3c021000 rw-p 00000000 00:00 0 
7fbd3c021000-7fbd40000000 ---p 00000000 00:00 0 
7fbd43fff000-7fbd48000000 rw-s 00000000 00:14 10                         /dev/shm/pulse-shm-2060029210
7fbd48000000-7fbd48021000 rw-p 00000000 00:00 0 
7fbd48021000-7fbd4c000000 ---p 00000000 00:00 0 
7fbd4c66f000-7fbd4c672000 ---p 00000000 00:00 0 
7fbd4c672000-7fbd4c770000 rw-p 00000000 00:00 0 
7fbd4c770000-7fbd4c773000 ---p 00000000 00:00 0 
7fbd4c773000-7fbd4c871000 rw-p 00000000 00:00 0 
7fbd4c871000-7fbd4ca31000 rw-s 00000000 00:05 106459                     /drm mm object (deleted)
7fbd4ca31000-7fbd4caf1000 rw-p 00000000 00:00 0 
7fbd4caf1000-7fbd4cc31000 ---p 00000000 00:00 0 
7fbd4cc31000-7fbd4de67000 rw-p 00000000 00:00 0 
7fbd4de67000-7fbd4de9e000 r-xp 00000000 08:05 25699329                   /usr/lib/x86_64-linux-gnu/libtxc_dxtn_s2tc.so.0.0.0
7fbd4de9e000-7fbd4e09d000 ---p 00037000 08:05 25699329                   /usr/lib/x86_64-linux-gnu/libtxc_dxtn_s2tc.so.0.0.0
7fbd4e09d000-7fbd4e09e000 r--p 00036000 08:05 25699329                   /usr/lib/x86_64-linux-gnu/libtxc_dxtn_s2tc.so.0.0.0
7fbd4e09e000-7fbd4e09f000 rw-p 00037000 08:05 25699329                   /usr/lib/x86_64-linux-gnu/libtxc_dxtn_s2tc.so.0.0.0
7fbd4e09f000-7fbd4e113000 rw-p 00000000 00:00 0 
7fbd4e113000-7fbd4e11b000 r-xp 00000000 08:05 25699091                   /usr/lib/x86_64-linux-gnu/libpciaccess.so.0.11.1
7fbd4e11b000-7fbd4e31b000 ---p 00008000 08:05 25699091                   /usr/lib/x86_64-linux-gnu/libpciaccess.so.0.11.1
7fbd4e31b000-7fbd4e31c000 r--p 00008000 08:05 25699091                   /usr/lib/x86_64-linux-gnu/libpciaccess.so.0.11.1
7fbd4e31c000-7fbd4e31d000 rw-p 00009000 08:05 25699091                   /usr/lib/x86_64-linux-gnu/libpciaccess.so.0.11.1
7fbd4e31d000-7fbd4e328000 r-xp 00000000 08:05 25692309                   /usr/lib/x86_64-linux-gnu/libdrm_radeon.so.1.0.1
7fbd4e328000-7fbd4e527000 ---p 0000b000 08:05 25692309                   /usr/lib/x86_64-linux-gnu/libdrm_radeon.so.1.0.1
7fbd4e527000-7fbd4e528000 r--p 0000a000 08:05 25692309                   /usr/lib/x86_64-linux-gnu/libdrm_radeon.so.1.0.1
7fbd4e528000-7fbd4e529000 rw-p 0000b000 08:05 25692309                   /usr/lib/x86_64-linux-gnu/libdrm_radeon.so.1.0.1
7fbd4e529000-7fbd4e530000 r-xp 00000000 08:05 25692305                   /usr/lib/x86_64-linux-gnu/libdrm_nouveau.so.2.0.0
7fbd4e530000-7fbd4e72f000 ---p 00007000 08:05 25692305                   /usr/lib/x86_64-linux-gnu/libdrm_nouveau.so.2.0.0
7fbd4e72f000-7fbd4e730000 r--p 00006000 08:05 25692305                   /usr/lib/x86_64-linux-gnu/libdrm_nouveau.so.2.0.0
7fbd4e730000-7fbd4e731000 rw-p 00007000 08:05 25692305                   /usr/lib/x86_64-linux-gnu/libdrm_nouveau.so.2.0.0
7fbd4e731000-7fbd4e751000 r-xp 00000000 08:05 25692301                   /usr/lib/x86_64-linux-gnu/libdrm_intel.so.1.0.0
7fbd4e751000-7fbd4e950000 ---p 00020000 08:05 25692301                   /usr/lib/x86_64-linux-gnu/libdrm_intel.so.1.0.0
7fbd4e950000-7fbd4e951000 r--p 0001f000 08:05 25692301                   /usr/lib/x86_64-linux-gnu/libdrm_intel.so.1.0.0
7fbd4e951000-7fbd4e952000 rw-p 00020000 08:05 25692301                   /usr/lib/x86_64-linux-gnu/libdrm_intel.so.1.0.0
7fbd4e952000-7fbd4ef57000 r-xp 00000000 08:05 25955224                   /usr/lib/x86_64-linux-gnu/dri/i965_dri.so
7fbd4ef57000-7fbd4f157000 ---p 00605000 08:05 25955224                   /usr/lib/x86_64-linux-gnu/dri/i965_dri.so
7fbd4f157000-7fbd4f18d000 r--p 00605000 08:05 25955224                   /usr/lib/x86_64-linux-gnu/dri/i965_dri.so
7fbd4f18d000-7fbd4f194000 rw-p 0063b000 08:05 25955224                   /usr/lib/x86_64-linux-gnu/dri/i965_dri.so
7fbd4f194000-7fbd4f19c000 rw-p 00000000 00:00 0 
7fbd4f19c000-7fbd4f1aa000 r-xp 00000000 08:05 25692293                   /usr/lib/x86_64-linux-gnu/libdrm.so.2.4.0
7fbd4f1aa000-7fbd4f3a9000 ---p 0000e000 08:05 25692293                   /usr/lib/x86_64-linux-gnu/libdrm.so.2.4.0
7fbd4f3a9000-7fbd4f3aa000 r--p 0000d000 08:05 25692293                   /usr/lib/x86_64-linux-gnu/libdrm.so.2.4.0
7fbd4f3aa000-7fbd4f3ab000 rw-p 0000e000 08:05 25692293                   /usr/lib/x86_64-linux-gnu/libdrm.so.2.4.0
7fbd4f3ab000-7fbd4f3af000 r-xp 00000000 08:05 25699490                   /usr/lib/x86_64-linux-gnu/libxcb-dri2.so.0.0.0
7fbd4f3af000-7fbd4f5ae000 ---p 00004000 08:05 25699490                   /usr/lib/x86_64-linux-gnu/libxcb-dri2.so.0.0.0
7fbd4f5ae000-7fbd4f5af000 r--p 00003000 08:05 25699490                   /usr/lib/x86_64-linux-gnu/libxcb-dri2.so.0.0.0
7fbd4f5af000-7fbd4f5b0000 rw-p 00004000 08:05 25699490                   /usr/lib/x86_64-linux-gnu/libxcb-dri2.so.0.0.0
7fbd4f5b0000-7fbd4f5c7000 r-xp 00000000 08:05 25699494                   /usr/lib/x86_64-linux-gnu/libxcb-glx.so.0.0.0
7fbd4f5c7000-7fbd4f7c6000 ---p 00017000 08:05 25699494                   /usr/lib/x86_64-linux-gnu/libxcb-glx.so.0.0.0
7fbd4f7c6000-7fbd4f7c8000 r--p 00016000 08:05 25699494                   /usr/lib/x86_64-linux-gnu/libxcb-glx.so.0.0.0
7fbd4f7c8000-7fbd4f7c9000 rw-p 00018000 08:05 25699494                   /usr/lib/x86_64-linux-gnu/libxcb-glx.so.0.0.0
7fbd4f7c9000-7fbd4f7ca000 r-xp 00000000 08:05 25698138                   /usr/lib/x86_64-linux-gnu/libX11-xcb.so.1.0.0
7fbd4f7ca000-7fbd4f9c9000 ---p 00001000 08:05 25698138                   /usr/lib/x86_64-linux-gnu/libX11-xcb.so.1.0.0
7fbd4f9c9000-7fbd4f9ca000 r--p 00000000 08:05 25698138                   /usr/lib/x86_64-linux-gnu/libX11-xcb.so.1.0.0
7fbd4f9ca000-7fbd4f9cb000 rw-p 00001000 08:05 25698138                   /usr/lib/x86_64-linux-gnu/libX11-xcb.so.1.0.0
7fbd4f9cb000-7fbd4f9cd000 r-xp 00000000 08:05 25698153                   /usr/lib/x86_64-linux-gnu/libXdamage.so.1.1.0
7fbd4f9cd000-7fbd4fbcc000 ---p 00002000 08:05 25698153                   /usr/lib/x86_64-linux-gnu/libXdamage.so.1.1.0
7fbd4fbcc000-7fbd4fbcd000 r--p 00001000 08:05 25698153                   /usr/lib/x86_64-linux-gnu/libXdamage.so.1.1.0
7fbd4fbcd000-7fbd4fbce000 rw-p 00002000 08:05 25698153                   /usr/lib/x86_64-linux-gnu/libXdamage.so.1.1.0
7fbd4fbce000-7fbd4fbf7000 r-xp 00000000 08:05 25692316                   /usr/lib/x86_64-linux-gnu/libglapi.so.0.0.0
7fbd4fbf7000-7fbd4fdf6000 ---p 00029000 08:05 25692316                   /usr/lib/x86_64-linux-gnu/libglapi.so.0.0.0
7fbd4fdf6000-7fbd4fdfa000 r--p 00028000 08:05 25692316                   /usr/lib/x86_64-linux-gnu/libglapi.so.0.0.0
7fbd4fdfa000-7fbd4fdfb000 rw-p 0002c000 08:05 25692316                   /usr/lib/x86_64-linux-gnu/libglapi.so.0.0.0
7fbd4fdfb000-7fbd4fdfc000 rw-p 00000000 00:00 0 
7fbd4fdfc000-7fbd4fdfd000 r-xp 00000000 08:05 25699534                   /usr/lib/x86_64-linux-gnu/libxshmfence.so.1.0.0
7fbd4fdfd000-7fbd4fffd000 ---p 00001000 08:05 25699534                   /usr/lib/x86_64-linux-gnu/libxshmfence.so.1.0.0
7fbd4fffd000-7fbd4fffe000 r--p 00001000 08:05 25699534                   /usr/lib/x86_64-linux-gnu/libxshmfence.so.1.0.0
7fbd4fffe000-7fbd4ffff000 rw-p 00002000 08:05 25699534                   /usr/lib/x86_64-linux-gnu/libxshmfence.so.1.0.0
7fbd4ffff000-7fbd54000000 rw-s 00000000 00:14 16                         /dev/shm/pulse-shm-3920787874
7fbd54000000-7fbd54021000 rw-p 00000000 00:00 0 
7fbd54021000-7fbd58000000 ---p 00000000 00:00 0 
7fbd58000000-7fbd58021000 rw-p 00000000 00:00 0 
7fbd58021000-7fbd5c000000 ---p 00000000 00:00 0 
7fbd5c003000-7fbd5c006000 ---p 00000000 00:00 0 
7fbd5c006000-7fbd5c104000 rw-p 00000000 00:00 0 
7fbd5c104000-7fbd5c122000 r-xp 00000000 08:05 33555188                   /lib/x86_64-linux-gnu/libudev.so.1.6.4
7fbd5c122000-7fbd5c123000 r--p 0001d000 08:05 33555188                   /lib/x86_64-linux-gnu/libudev.so.1.6.4
7fbd5c123000-7fbd5c124000 rw-p 0001e000 08:05 33555188                   /lib/x86_64-linux-gnu/libudev.so.1.6.4
7fbd5c124000-7fbd5c129000 r-xp 00000000 08:05 25699514                   /usr/lib/x86_64-linux-gnu/libxcb-sync.so.1.0.0
7fbd5c129000-7fbd5c329000 ---p 00005000 08:05 25699514                   /usr/lib/x86_64-linux-gnu/libxcb-sync.so.1.0.0
7fbd5c329000-7fbd5c32a000 r--p 00005000 08:05 25699514                   /usr/lib/x86_64-linux-gnu/libxcb-sync.so.1.0.0
7fbd5c32a000-7fbd5c32b000 rw-p 00006000 08:05 25699514                   /usr/lib/x86_64-linux-gnu/libxcb-sync.so.1.0.0
7fbd5c32b000-7fbd5c32d000 r-xp 00000000 08:05 25699502                   /usr/lib/x86_64-linux-gnu/libxcb-present.so.0.0.0
7fbd5c32d000-7fbd5c52c000 ---p 00002000 08:05 25699502                   /usr/lib/x86_64-linux-gnu/libxcb-present.so.0.0.0
7fbd5c52c000-7fbd5c52d000 r--p 00001000 08:05 25699502                   /usr/lib/x86_64-linux-gnu/libxcb-present.so.0.0.0
7fbd5c52d000-7fbd5c52e000 rw-p 00002000 08:05 25699502                   /usr/lib/x86_64-linux-gnu/libxcb-present.so.0.0.0
7fbd5c52e000-7fbd5c530000 r-xp 00000000 08:05 25699492                   /usr/lib/x86_64-linux-gnu/libxcb-dri3.so.0.0.0
7fbd5c530000-7fbd5c72f000 ---p 00002000 08:05 25699492                   /usr/lib/x86_64-linux-gnu/libxcb-dri3.so.0.0.0
7fbd5c72f000-7fbd5c730000 r--p 00001000 08:05 25699492                   /usr/lib/x86_64-linux-gnu/libxcb-dri3.so.0.0.0
7fbd5c730000-7fbd5c731000 rw-p 00002000 08:05 25699492                   /usr/lib/x86_64-linux-gnu/libxcb-dri3.so.0.0.0
7fbd5c731000-7fbd5c757000 r-xp 00000000 08:05 33558876                   /lib/x86_64-linux-gnu/libexpat.so.1.6.0
7fbd5c757000-7fbd5c957000 ---p 00026000 08:05 33558876                   /lib/x86_64-linux-gnu/libexpat.so.1.6.0
7fbd5c957000-7fbd5c959000 r--p 00026000 08:05 33558876                   /lib/x86_64-linux-gnu/libexpat.so.1.6.0
7fbd5c959000-7fbd5c95a000 rw-p 00028000 08:05 33558876                   /lib/x86_64-linux-gnu/libexpat.so.1.6.0
7fbd5c95a000-7fbd5c9c7000 r-xp 00000000 08:05 25954631                   /usr/lib/x86_64-linux-gnu/mesa/libGL.so.1.2.0
7fbd5c9c7000-7fbd5cbc6000 ---p 0006d000 08:05 25954631                   /usr/lib/x86_64-linux-gnu/mesa/libGL.so.1.2.0
7fbd5cbc6000-7fbd5cbc9000 r--p 0006c000 08:05 25954631                   /usr/lib/x86_64-linux-gnu/mesa/libGL.so.1.2.0
7fbd5cbc9000-7fbd5cbca000 rw-p 0006f000 08:05 25954631                   /usr/lib/x86_64-linux-gnu/mesa/libGL.so.1.2.0
7fbd5cbca000-7fbd5cbcb000 rw-p 00000000 00:00 0 
7fbd5cbcf000-7fbd5cbdf000 rw-s 00000000 00:05 110173                     /drm mm object (deleted)
7fbd5cbdf000-7fbd5cbef000 rw-s 00000000 00:05 110170                     /drm mm object (deleted)
7fbd5cbef000-7fbd5cbf2000 ---p 00000000 00:00 0 
7fbd5cbf2000-7fbd5ccf0000 rw-p 00000000 00:00 0 
7fbd5ccf0000-7fbd5ccf1000 ---p 00000000 00:00 0 
7fbd5ccf1000-7fbd5d4f1000 rw-p 00000000 00:00 0 
7fbd5d4f1000-7fbd5d51b000 r-xp 00000000 08:05 25699399                   /usr/lib/x86_64-linux-gnu/libvorbis.so.0.4.8
7fbd5d51b000-7fbd5d71b000 ---p 0002a000 08:05 25699399                   /usr/lib/x86_64-linux-gnu/libvorbis.so.0.4.8
7fbd5d71b000-7fbd5d71c000 r--p 0002a000 08:05 25699399                   /usr/lib/x86_64-linux-gnu/libvorbis.so.0.4.8
7fbd5d71c000-7fbd5d71d000 rw-p 0002b000 08:05 25699399                   /usr/lib/x86_64-linux-gnu/libvorbis.so.0.4.8
7fbd5d71d000-7fbd5d724000 r-xp 00000000 08:05 25699051                   /usr/lib/x86_64-linux-gnu/libogg.so.0.8.2
7fbd5d724000-7fbd5d924000 ---p 00007000 08:05 25699051                   /usr/lib/x86_64-linux-gnu/libogg.so.0.8.2
7fbd5d924000-7fbd5d925000 r--p 00007000 08:05 25699051                   /usr/lib/x86_64-linux-gnu/libogg.so.0.8.2
7fbd5d925000-7fbd5d926000 rw-p 00008000 08:05 25699051                   /usr/lib/x86_64-linux-gnu/libogg.so.0.8.2
7fbd5d926000-7fbd5d938000 r-xp 00000000 08:05 33558889                   /lib/x86_64-linux-gnu/libgpg-error.so.0.17.0
7fbd5d938000-7fbd5db38000 ---p 00012000 08:05 33558889                   /lib/x86_64-linux-gnu/libgpg-error.so.0.17.0
7fbd5db38000-7fbd5db39000 r--p 00012000 08:05 33558889                   /lib/x86_64-linux-gnu/libgpg-error.so.0.17.0
7fbd5db39000-7fbd5db3a000 rw-p 00013000 08:05 33558889                   /lib/x86_64-linux-gnu/libgpg-error.so.0.17.0
7fbd5db3a000-7fbd5dba8000 r-xp 00000000 08:05 33558974                   /lib/x86_64-linux-gnu/libpcre.so.3.13.2
7fbd5dba8000-7fbd5dda8000 ---p 0006e000 08:05 33558974                   /lib/x86_64-linux-gnu/libpcre.so.3.13.2
7fbd5dda8000-7fbd5dda9000 r--p 0006e000 08:05 33558974                   /lib/x86_64-linux-gnu/libpcre.so.3.13.2
7fbd5dda9000-7fbd5ddaa000 rw-p 0006f000 08:05 33558974                   /lib/x86_64-linux-gnu/libpcre.so.3.13.2
7fbd5ddaa000-7fbd5ddc1000 r-xp 00000000 08:05 33555156                   /lib/x86_64-linux-gnu/libresolv-2.23.so
7fbd5ddc1000-7fbd5dfc1000 ---p 00017000 08:05 33555156                   /lib/x86_64-linux-gnu/libresolv-2.23.so
7fbd5dfc1000-7fbd5dfc2000 r--p 00017000 08:05 33555156                   /lib/x86_64-linux-gnu/libresolv-2.23.so
7fbd5dfc2000-7fbd5dfc3000 rw-p 00018000 08:05 33555156                   /lib/x86_64-linux-gnu/libresolv-2.23.so
7fbd5dfc3000-7fbd5dfc5000 rw-p 00000000 00:00 0 
7fbd5dfc5000-7fbd5e052000 r-xp 00000000 08:05 25699401                   /usr/lib/x86_64-linux-gnu/libvorbisenc.so.2.0.11
7fbd5e052000-7fbd5e251000 ---p 0008d000 08:05 25699401                   /usr/lib/x86_64-linux-gnu/libvorbisenc.so.2.0.11
7fbd5e251000-7fbd5e26d000 r--p 0008c000 08:05 25699401                   /usr/lib/x86_64-linux-gnu/libvorbisenc.so.2.0.11
7fbd5e26d000-7fbd5e26e000 rw-p 000a8000 08:05 25699401                   /usr/lib/x86_64-linux-gnu/libvorbisenc.so.2.0.11
7fbd5e26e000-7fbd5e2e1000 r-xp 00000000 08:05 25697996                   /usr/lib/x86_64-linux-gnu/libFLAC.so.8.3.0
7fbd5e2e1000-7fbd5e4e1000 ---p 00073000 08:05 25697996                   /usr/lib/x86_64-linux-gnu/libFLAC.so.8.3.0
7fbd5e4e1000-7fbd5e4e2000 r--p 00073000 08:05 25697996                   /usr/lib/x86_64-linux-gnu/libFLAC.so.8.3.0
7fbd5e4e2000-7fbd5e4e3000 rw-p 00074000 08:05 25697996                   /usr/lib/x86_64-linux-gnu/libFLAC.so.8.3.0
7fbd5e4e3000-7fbd5e5bb000 r-xp 00000000 08:05 33558779                   /lib/x86_64-linux-gnu/libgcrypt.so.20.0.5
7fbd5e5bb000-7fbd5e7ba000 ---p 000d8000 08:05 33558779                   /lib/x86_64-linux-gnu/libgcrypt.so.20.0.5
7fbd5e7ba000-7fbd5e7bb000 r--p 000d7000 08:05 33558779                   /lib/x86_64-linux-gnu/libgcrypt.so.20.0.5
7fbd5e7bb000-7fbd5e7c3000 rw-p 000d8000 08:05 33558779                   /lib/x86_64-linux-gnu/libgcrypt.so.20.0.5
7fbd5e7c3000-7fbd5e7c4000 rw-p 00000000 00:00 0 
7fbd5e7c4000-7fbd5e7e5000 r-xp 00000000 08:05 33558912                   /lib/x86_64-linux-gnu/liblzma.so.5.0.0
7fbd5e7e5000-7fbd5e9e4000 ---p 00021000 08:05 33558912                   /lib/x86_64-linux-gnu/liblzma.so.5.0.0
7fbd5e9e4000-7fbd5e9e5000 r--p 00020000 08:05 33558912                   /lib/x86_64-linux-gnu/liblzma.so.5.0.0
7fbd5e9e5000-7fbd5e9e6000 rw-p 00021000 08:05 33558912                   /lib/x86_64-linux-gnu/liblzma.so.5.0.0
7fbd5e9e6000-7fbd5ea05000 r-xp 00000000 08:05 33559003                   /lib/x86_64-linux-gnu/libselinux.so.1
7fbd5ea05000-7fbd5ec04000 ---p 0001f000 08:05 33559003                   /lib/x86_64-linux-gnu/libselinux.so.1
7fbd5ec04000-7fbd5ec05000 r--p 0001e000 08:05 33559003                   /lib/x86_64-linux-gnu/libselinux.so.1
7fbd5ec05000-7fbd5ec06000 rw-p 0001f000 08:05 33559003                   /lib/x86_64-linux-gnu/libselinux.so.1
7fbd5ec06000-7fbd5ec08000 rw-p 00000000 00:00 0 
7fbd5ec08000-7fbd5ec0d000 r-xp 00000000 08:05 25698246                   /usr/lib/x86_64-linux-gnu/libasyncns.so.0.3.1
7fbd5ec0d000-7fbd5ee0c000 ---p 00005000 08:05 25698246                   /usr/lib/x86_64-linux-gnu/libasyncns.so.0.3.1
7fbd5ee0c000-7fbd5ee0d000 r--p 00004000 08:05 25698246                   /usr/lib/x86_64-linux-gnu/libasyncns.so.0.3.1
7fbd5ee0d000-7fbd5ee0e000 rw-p 00005000 08:05 25698246                   /usr/lib/x86_64-linux-gnu/libasyncns.so.0.3.1
7fbd5ee0e000-7fbd5ee70000 r-xp 00000000 08:05 25699253                   /usr/lib/x86_64-linux-gnu/libsndfile.so.1.0.25
7fbd5ee70000-7fbd5f070000 ---p 00062000 08:05 25699253                   /usr/lib/x86_64-linux-gnu/libsndfile.so.1.0.25
7fbd5f070000-7fbd5f072000 r--p 00062000 08:05 25699253                   /usr/lib/x86_64-linux-gnu/libsndfile.so.1.0.25
7fbd5f072000-7fbd5f073000 rw-p 00064000 08:05 25699253                   /usr/lib/x86_64-linux-gnu/libsndfile.so.1.0.25
7fbd5f073000-7fbd5f077000 rw-p 00000000 00:00 0 
7fbd5f077000-7fbd5f07f000 r-xp 00000000 08:05 33559031                   /lib/x86_64-linux-gnu/libwrap.so.0.7.6
7fbd5f07f000-7fbd5f27e000 ---p 00008000 08:05 33559031                   /lib/x86_64-linux-gnu/libwrap.so.0.7.6
7fbd5f27e000-7fbd5f27f000 r--p 00007000 08:05 33559031                   /lib/x86_64-linux-gnu/libwrap.so.0.7.6
7fbd5f27f000-7fbd5f280000 rw-p 00008000 08:05 33559031                   /lib/x86_64-linux-gnu/libwrap.so.0.7.6
7fbd5f280000-7fbd5f281000 rw-p 00000000 00:00 0 
7fbd5f281000-7fbd5f2cb000 r-xp 00000000 08:05 33555111                   /lib/x86_64-linux-gnu/libdbus-1.so.3.14.6
7fbd5f2cb000-7fbd5f4cb000 ---p 0004a000 08:05 33555111                   /lib/x86_64-linux-gnu/libdbus-1.so.3.14.6
7fbd5f4cb000-7fbd5f4cc000 r--p 0004a000 08:05 33555111                   /lib/x86_64-linux-gnu/libdbus-1.so.3.14.6
7fbd5f4cc000-7fbd5f4cd000 rw-p 0004b000 08:05 33555111                   /lib/x86_64-linux-gnu/libdbus-1.so.3.14.6
7fbd5f4cd000-7fbd5f546000 r-xp 00000000 08:05 25955301                   /usr/lib/x86_64-linux-gnu/pulseaudio/libpulsecommon-8.0.so
7fbd5f546000-7fbd5f745000 ---p 00079000 08:05 25955301                   /usr/lib/x86_64-linux-gnu/pulseaudio/libpulsecommon-8.0.so
7fbd5f745000-7fbd5f746000 r--p 00078000 08:05 25955301                   /usr/lib/x86_64-linux-gnu/pulseaudio/libpulsecommon-8.0.so
7fbd5f746000-7fbd5f747000 rw-p 00079000 08:05 25955301                   /usr/lib/x86_64-linux-gnu/pulseaudio/libpulsecommon-8.0.so
7fbd5f747000-7fbd5f751000 r-xp 00000000 08:05 33558904                   /lib/x86_64-linux-gnu/libjson-c.so.2.0.0
7fbd5f751000-7fbd5f950000 ---p 0000a000 08:05 33558904                   /lib/x86_64-linux-gnu/libjson-c.so.2.0.0
7fbd5f950000-7fbd5f951000 r--p 00009000 08:05 33558904                   /lib/x86_64-linux-gnu/libjson-c.so.2.0.0
7fbd5f951000-7fbd5f952000 rw-p 0000a000 08:05 33558904                   /lib/x86_64-linux-gnu/libjson-c.so.2.0.0
7fbd5f952000-7fbd5f9a0000 r-xp 00000000 08:05 25699141                   /usr/lib/x86_64-linux-gnu/libpulse.so.0.19.0
7fbd5f9a0000-7fbd5fb9f000 ---p 0004e000 08:05 25699141                   /usr/lib/x86_64-linux-gnu/libpulse.so.0.19.0
7fbd5fb9f000-7fbd5fba0000 r--p 0004d000 08:05 25699141                   /usr/lib/x86_64-linux-gnu/libpulse.so.0.19.0
7fbd5fba0000-7fbd5fba1000 rw-p 0004e000 08:05 25699141                   /usr/lib/x86_64-linux-gnu/libpulse.so.0.19.0
7fbd5fba1000-7fbd5fbf6000 r-xp 00000000 08:05 3015694                    /tmp/libgdxjeffbustercase/31ce78a2/libopenal64.so
7fbd5fbf6000-7fbd5fdf5000 ---p 00055000 08:05 3015694                    /tmp/libgdxjeffbustercase/31ce78a2/libopenal64.so
7fbd5fdf5000-7fbd5fdf8000 r--p 00054000 08:05 3015694                    /tmp/libgdxjeffbustercase/31ce78a2/libopenal64.so
7fbd5fdf8000-7fbd5fdf9000 rw-p 00057000 08:05 3015694                    /tmp/libgdxjeffbustercase/31ce78a2/libopenal64.so
7fbd5fdf9000-7fbd5fdfa000 rw-p 00000000 00:00 0 
7fbd5fdfa000-7fbd5fdff000 r-xp 00000000 08:05 25698193                   /usr/lib/x86_64-linux-gnu/libXxf86vm.so.1.0.0
7fbd5fdff000-7fbd5fffe000 ---p 00005000 08:05 25698193                   /usr/lib/x86_64-linux-gnu/libXxf86vm.so.1.0.0
7fbd5fffe000-7fbd5ffff000 r--p 00004000 08:05 25698193                   /usr/lib/x86_64-linux-gnu/libXxf86vm.so.1.0.0
7fbd5ffff000-7fbd60000000 rw-p 00005000 08:05 25698193                   /usr/lib/x86_64-linux-gnu/libXxf86vm.so.1.0.0
7fbd60000000-7fbd60021000 rw-p 00000000 00:00 0 
7fbd60021000-7fbd64000000 ---p 00000000 00:00 0 
7fbd64000000-7fbd64021000 rw-p 00000000 00:00 0 
7fbd64021000-7fbd68000000 ---p 00000000 00:00 0 
7fbd68000000-7fbd68021000 rw-p 00000000 00:00 0 
7fbd68021000-7fbd6c000000 ---p 00000000 00:00 0 
7fbd6c000000-7fbd6c270000 rw-p 00000000 00:00 0 
7fbd6c270000-7fbd70000000 ---p 00000000 00:00 0 
7fbd70000000-7fbd7065f000 rw-p 00000000 00:00 0 
7fbd7065f000-7fbd74000000 ---p 00000000 00:00 0 
7fbd74000000-7fbd74446000 rw-p 00000000 00:00 0 
7fbd74446000-7fbd78000000 ---p 00000000 00:00 0 
7fbd78000000-7fbd78021000 rw-p 00000000 00:00 0 
7fbd78021000-7fbd7c000000 ---p 00000000 00:00 0 
7fbd7c004000-7fbd7c007000 ---p 00000000 00:00 0 
7fbd7c007000-7fbd7c03d000 rw-p 00000000 00:00 0 
7fbd7c03d000-7fbd7c040000 ---p 00000000 00:00 0 
7fbd7c040000-7fbd7c076000 rw-p 00000000 00:00 0 
7fbd7c076000-7fbd7c077000 ---p 00000000 00:00 0 
7fbd7c077000-7fbd7c177000 rw-p 00000000 00:00 0 
7fbd7c177000-7fbd7c1f7000 r-xp 00000000 08:05 33555208                   /lib/x86_64-linux-gnu/libsystemd.so.0.14.0
7fbd7c1f7000-7fbd7c1fa000 r--p 0007f000 08:05 33555208                   /lib/x86_64-linux-gnu/libsystemd.so.0.14.0
7fbd7c1fa000-7fbd7c1fb000 rw-p 00082000 08:05 33555208                   /lib/x86_64-linux-gnu/libsystemd.so.0.14.0
7fbd7c1fb000-7fbd7c1fc000 rw-p 00000000 00:00 0 
7fbd7c1fc000-7fbd7c206000 r-xp 00000000 08:05 25698175                   /usr/lib/x86_64-linux-gnu/libXrandr.so.2.2.0
7fbd7c206000-7fbd7c405000 ---p 0000a000 08:05 25698175                   /usr/lib/x86_64-linux-gnu/libXrandr.so.2.2.0
7fbd7c405000-7fbd7c406000 r--p 00009000 08:05 25698175                   /usr/lib/x86_64-linux-gnu/libXrandr.so.2.2.0
7fbd7c406000-7fbd7c407000 rw-p 0000a000 08:05 25698175                   /usr/lib/x86_64-linux-gnu/libXrandr.so.2.2.0
7fbd7c407000-7fbd7c477000 r-xp 00000000 08:05 3015693                    /tmp/libgdxjeffbustercase/31ce78a2/liblwjgl64.so
7fbd7c477000-7fbd7c677000 ---p 00070000 08:05 3015693                    /tmp/libgdxjeffbustercase/31ce78a2/liblwjgl64.so
7fbd7c677000-7fbd7c679000 r--p 00070000 08:05 3015693                    /tmp/libgdxjeffbustercase/31ce78a2/liblwjgl64.so
7fbd7c679000-7fbd7c67a000 rw-p 00072000 08:05 3015693                    /tmp/libgdxjeffbustercase/31ce78a2/liblwjgl64.so
7fbd7c67a000-7fbd7c67b000 r-xp 00000000 08:05 25954883                   /usr/lib/jvm/java-8-openjdk-amd64/jre/lib/amd64/libjawt.so
7fbd7c67b000-7fbd7c87a000 ---p 00001000 08:05 25954883                   /usr/lib/jvm/java-8-openjdk-amd64/jre/lib/amd64/libjawt.so
7fbd7c87a000-7fbd7c87b000 r--p 00000000 08:05 25954883                   /usr/lib/jvm/java-8-openjdk-amd64/jre/lib/amd64/libjawt.so
7fbd7c87b000-7fbd7c87c000 rw-p 00001000 08:05 25954883                   /usr/lib/jvm/java-8-openjdk-amd64/jre/lib/amd64/libjawt.so
7fbd7c87c000-7fbd7c87f000 ---p 00000000 00:00 0 
7fbd7c87f000-7fbd7c97d000 rw-p 00000000 00:00 0 
7fbd7c97d000-7fbd7c982000 r-xp 00000000 08:05 25698159                   /usr/lib/x86_64-linux-gnu/libXfixes.so.3.1.0
7fbd7c982000-7fbd7cb81000 ---p 00005000 08:05 25698159                   /usr/lib/x86_64-linux-gnu/libXfixes.so.3.1.0
7fbd7cb81000-7fbd7cb82000 r--p 00004000 08:05 25698159                   /usr/lib/x86_64-linux-gnu/libXfixes.so.3.1.0
7fbd7cb82000-7fbd7cb83000 rw-p 00005000 08:05 25698159                   /usr/lib/x86_64-linux-gnu/libXfixes.so.3.1.0
7fbd7cb83000-7fbd7cb8c000 r-xp 00000000 08:05 25698151                   /usr/lib/x86_64-linux-gnu/libXcursor.so.1.0.2
7fbd7cb8c000-7fbd7cd8b000 ---p 00009000 08:05 25698151                   /usr/lib/x86_64-linux-gnu/libXcursor.so.1.0.2
7fbd7cd8b000-7fbd7cd8c000 r--p 00008000 08:05 25698151                   /usr/lib/x86_64-linux-gnu/libXcursor.so.1.0.2
7fbd7cd8c000-7fbd7cd8d000 rw-p 00009000 08:05 25698151                   /usr/lib/x86_64-linux-gnu/libXcursor.so.1.0.2
7fbd7cd8d000-7fbd7cd90000 ---p 00000000 00:00 0 
7fbd7cd90000-7fbd7ce8e000 rw-p 00000000 00:00 0 
7fbd7ce8e000-7fbd7ceb2000 r-xp 00000000 08:05 33558986                   /lib/x86_64-linux-gnu/libpng12.so.0.54.0
7fbd7ceb2000-7fbd7d0b1000 ---p 00024000 08:05 33558986                   /lib/x86_64-linux-gnu/libpng12.so.0.54.0
7fbd7d0b1000-7fbd7d0b2000 r--p 00023000 08:05 33558986                   /lib/x86_64-linux-gnu/libpng12.so.0.54.0
7fbd7d0b2000-7fbd7d0b3000 rw-p 00024000 08:05 33558986                   /lib/x86_64-linux-gnu/libpng12.so.0.54.0
7fbd7d0b3000-7fbd7d157000 r-xp 00000000 08:05 25698575                   /usr/lib/x86_64-linux-gnu/libfreetype.so.6.12.1
7fbd7d157000-7fbd7d356000 ---p 000a4000 08:05 25698575                   /usr/lib/x86_64-linux-gnu/libfreetype.so.6.12.1
7fbd7d356000-7fbd7d35c000 r--p 000a3000 08:05 25698575                   /usr/lib/x86_64-linux-gnu/libfreetype.so.6.12.1
7fbd7d35c000-7fbd7d35d000 rw-p 000a9000 08:05 25698575                   /usr/lib/x86_64-linux-gnu/libfreetype.so.6.12.1
7fbd7d362000-7fbd7d36a000 rw-s 00000000 00:05 108852                     /drm mm object (deleted)
7fbd7d36a000-7fbd7d372000 rw-s 00000000 00:05 108847                     /drm mm object (deleted)
7fbd7d372000-7fbd7d381000 r--p 00000000 08:05 27658175                   /usr/share/locale-langpack/pt_BR/LC_MESSAGES/pulseaudio.mo
7fbd7d381000-7fbd7d3d3000 r-xp 00000000 08:05 25954852                   /usr/lib/jvm/java-8-openjdk-amd64/jre/lib/amd64/libfontmanager.so
7fbd7d3d3000-7fbd7d5d3000 ---p 00052000 08:05 25954852                   /usr/lib/jvm/java-8-openjdk-amd64/jre/lib/amd64/libfontmanager.so
7fbd7d5d3000-7fbd7d5d5000 r--p 00052000 08:05 25954852                   /usr/lib/jvm/java-8-openjdk-amd64/jre/lib/amd64/libfontmanager.so
7fbd7d5d5000-7fbd7d5d6000 rw-p 00054000 08:05 25954852                   /usr/lib/jvm/java-8-openjdk-amd64/jre/lib/amd64/libfontmanager.so
7fbd7d5d6000-7fbd7d5dd000 r--s 00000000 08:05 25957243                   /usr/lib/x86_64-linux-gnu/gconv/gconv-modules.cache
7fbd7d5dd000-7fbd7d5e2000 r-xp 00000000 08:05 25698155                   /usr/lib/x86_64-linux-gnu/libXdmcp.so.6.0.0
7fbd7d5e2000-7fbd7d7e1000 ---p 00005000 08:05 25698155                   /usr/lib/x86_64-linux-gnu/libXdmcp.so.6.0.0
7fbd7d7e1000-7fbd7d7e2000 r--p 00004000 08:05 25698155                   /usr/lib/x86_64-linux-gnu/libXdmcp.so.6.0.0
7fbd7d7e2000-7fbd7d7e3000 rw-p 00005000 08:05 25698155                   /usr/lib/x86_64-linux-gnu/libXdmcp.so.6.0.0
7fbd7d7e3000-7fbd7d7e5000 r-xp 00000000 08:05 25698144                   /usr/lib/x86_64-linux-gnu/libXau.so.6.0.0
7fbd7d7e5000-7fbd7d9e5000 ---p 00002000 08:05 25698144                   /usr/lib/x86_64-linux-gnu/libXau.so.6.0.0
7fbd7d9e5000-7fbd7d9e6000 r--p 00002000 08:05 25698144                   /usr/lib/x86_64-linux-gnu/libXau.so.6.0.0
7fbd7d9e6000-7fbd7d9e7000 rw-p 00003000 08:05 25698144                   /usr/lib/x86_64-linux-gnu/libXau.so.6.0.0
7fbd7d9e7000-7fbd7da08000 r-xp 00000000 08:05 25699522                   /usr/lib/x86_64-linux-gnu/libxcb.so.1.1.0
7fbd7da08000-7fbd7dc07000 ---p 00021000 08:05 25699522                   /usr/lib/x86_64-linux-gnu/libxcb.so.1.1.0
7fbd7dc07000-7fbd7dc08000 r--p 00020000 08:05 25699522                   /usr/lib/x86_64-linux-gnu/libxcb.so.1.1.0
7fbd7dc08000-7fbd7dc09000 rw-p 00021000 08:05 25699522                   /usr/lib/x86_64-linux-gnu/libxcb.so.1.1.0
7fbd7dc09000-7fbd7dc18000 r-xp 00000000 08:05 25698165                   /usr/lib/x86_64-linux-gnu/libXi.so.6.1.0
7fbd7dc18000-7fbd7de17000 ---p 0000f000 08:05 25698165                   /usr/lib/x86_64-linux-gnu/libXi.so.6.1.0
7fbd7de17000-7fbd7de18000 r--p 0000e000 08:05 25698165                   /usr/lib/x86_64-linux-gnu/libXi.so.6.1.0
7fbd7de18000-7fbd7de19000 rw-p 0000f000 08:05 25698165                   /usr/lib/x86_64-linux-gnu/libXi.so.6.1.0
7fbd7de19000-7fbd7de1e000 r-xp 00000000 08:05 25698183                   /usr/lib/x86_64-linux-gnu/libXtst.so.6.1.0
7fbd7de1e000-7fbd7e01d000 ---p 00005000 08:05 25698183                   /usr/lib/x86_64-linux-gnu/libXtst.so.6.1.0
7fbd7e01d000-7fbd7e01e000 r--p 00004000 08:05 25698183                   /usr/lib/x86_64-linux-gnu/libXtst.so.6.1.0
7fbd7e01e000-7fbd7e01f000 rw-p 00005000 08:05 25698183                   /usr/lib/x86_64-linux-gnu/libXtst.so.6.1.0
7fbd7e01f000-7fbd7e028000 r-xp 00000000 08:05 25698177                   /usr/lib/x86_64-linux-gnu/libXrender.so.1.3.0
7fbd7e028000-7fbd7e227000 ---p 00009000 08:05 25698177                   /usr/lib/x86_64-linux-gnu/libXrender.so.1.3.0
7fbd7e227000-7fbd7e228000 r--p 00008000 08:05 25698177                   /usr/lib/x86_64-linux-gnu/libXrender.so.1.3.0
7fbd7e228000-7fbd7e229000 rw-p 00009000 08:05 25698177                   /usr/lib/x86_64-linux-gnu/libXrender.so.1.3.0
7fbd7e229000-7fbd7e35e000 r-xp 00000000 08:05 25698140                   /usr/lib/x86_64-linux-gnu/libX11.so.6.3.0
7fbd7e35e000-7fbd7e55e000 ---p 00135000 08:05 25698140                   /usr/lib/x86_64-linux-gnu/libX11.so.6.3.0
7fbd7e55e000-7fbd7e55f000 r--p 00135000 08:05 25698140                   /usr/lib/x86_64-linux-gnu/libX11.so.6.3.0
7fbd7e55f000-7fbd7e563000 rw-p 00136000 08:05 25698140                   /usr/lib/x86_64-linux-gnu/libX11.so.6.3.0
7fbd7e563000-7fbd7e574000 r-xp 00000000 08:05 25698157                   /usr/lib/x86_64-linux-gnu/libXext.so.6.4.0
7fbd7e574000-7fbd7e773000 ---p 00011000 08:05 25698157                   /usr/lib/x86_64-linux-gnu/libXext.so.6.4.0
7fbd7e773000-7fbd7e774000 r--p 00010000 08:05 25698157                   /usr/lib/x86_64-linux-gnu/libXext.so.6.4.0
7fbd7e774000-7fbd7e775000 rw-p 00011000 08:05 25698157                   /usr/lib/x86_64-linux-gnu/libXext.so.6.4.0
7fbd7e775000-7fbd7e776000 rwxp 00000000 00:00 0 
7fbd7e776000-7fbd7e777000 rw-s 00000000 00:05 108849                     /drm mm object (deleted)
7fbd7e777000-7fbd7e778000 rw-s 106f19000 00:06 360                       /dev/dri/card0
7fbd7e778000-7fbd7e799000 r--p 00000000 08:05 27658092                   /usr/share/locale-langpack/pt_BR/LC_MESSAGES/libc.mo
7fbd7e799000-7fbd7e7ed000 r-xp 00000000 08:05 25954875                   /usr/lib/jvm/java-8-openjdk-amd64/jre/lib/amd64/libawt_xawt.so
7fbd7e7ed000-7fbd7e9ed000 ---p 00054000 08:05 25954875                   /usr/lib/jvm/java-8-openjdk-amd64/jre/lib/amd64/libawt_xawt.so
7fbd7e9ed000-7fbd7e9ee000 r--p 00054000 08:05 25954875                   /usr/lib/jvm/java-8-openjdk-amd64/jre/lib/amd64/libawt_xawt.so
7fbd7e9ee000-7fbd7e9f1000 rw-p 00055000 08:05 25954875                   /usr/lib/jvm/java-8-openjdk-amd64/jre/lib/amd64/libawt_xawt.so
7fbd7e9f1000-7fbd7e9f2000 rw-p 00000000 00:00 0 
7fbd7e9f2000-7fbd7ea92000 r-xp 00000000 08:05 25954882                   /usr/lib/jvm/java-8-openjdk-amd64/jre/lib/amd64/libawt.so
7fbd7ea92000-7fbd7ec92000 ---p 000a0000 08:05 25954882                   /usr/lib/jvm/java-8-openjdk-amd64/jre/lib/amd64/libawt.so
7fbd7ec92000-7fbd7ec93000 r--p 000a0000 08:05 25954882                   /usr/lib/jvm/java-8-openjdk-amd64/jre/lib/amd64/libawt.so
7fbd7ec93000-7fbd7ec9e000 rw-p 000a1000 08:05 25954882                   /usr/lib/jvm/java-8-openjdk-amd64/jre/lib/amd64/libawt.so
7fbd7ec9e000-7fbd7ecc3000 rw-p 00000000 00:00 0 
7fbd7ecc3000-7fbd7ecc8000 r--s 002f9000 08:05 25954900                   /usr/lib/jvm/java-8-openjdk-amd64/jre/lib/charsets.jar
7fbd7ecc8000-7fbd7eccc000 r--s 00097000 08:05 25954907                   /usr/lib/jvm/java-8-openjdk-amd64/jre/lib/jsse.jar
7fbd7eccc000-7fbd7ed04000 r-xp 00000000 08:05 3015691                    /tmp/libgdxjeffbustercase/6ef2d459/libgdx64.so
7fbd7ed04000-7fbd7ef03000 ---p 00038000 08:05 3015691                    /tmp/libgdxjeffbustercase/6ef2d459/libgdx64.so
7fbd7ef03000-7fbd7ef04000 r--p 00037000 08:05 3015691                    /tmp/libgdxjeffbustercase/6ef2d459/libgdx64.so
7fbd7ef04000-7fbd7ef05000 rw-p 00038000 08:05 3015691                    /tmp/libgdxjeffbustercase/6ef2d459/libgdx64.so
7fbd7ef05000-7fbd7f206000 rw-p 00000000 00:00 0 
7fbd7f206000-7fbd7f21d000 r-xp 00000000 08:05 25954881                   /usr/lib/jvm/java-8-openjdk-amd64/jre/lib/amd64/libnet.so
7fbd7f21d000-7fbd7f41c000 ---p 00017000 08:05 25954881                   /usr/lib/jvm/java-8-openjdk-amd64/jre/lib/amd64/libnet.so
7fbd7f41c000-7fbd7f41d000 r--p 00016000 08:05 25954881                   /usr/lib/jvm/java-8-openjdk-amd64/jre/lib/amd64/libnet.so
7fbd7f41d000-7fbd7f41e000 rw-p 00017000 08:05 25954881                   /usr/lib/jvm/java-8-openjdk-amd64/jre/lib/amd64/libnet.so
7fbd7f41e000-7fbd7f421000 ---p 00000000 00:00 0 
7fbd7f421000-7fbd7f51f000 rw-p 00000000 00:00 0 
7fbd7f51f000-7fbd7f520000 r-xp 00000000 08:05 14813414                   /home/jeffbustercase/Área de Trabalho/idea-IU-162.2032.8/bin/libbreakgen64.so
7fbd7f520000-7fbd7f71f000 ---p 00001000 08:05 14813414                   /home/jeffbustercase/Área de Trabalho/idea-IU-162.2032.8/bin/libbreakgen64.so
7fbd7f71f000-7fbd7f720000 r--p 00000000 08:05 14813414                   /home/jeffbustercase/Área de Trabalho/idea-IU-162.2032.8/bin/libbreakgen64.so
7fbd7f720000-7fbd7f721000 rw-p 00001000 08:05 14813414                   /home/jeffbustercase/Área de Trabalho/idea-IU-162.2032.8/bin/libbreakgen64.so
7fbd7f721000-7fbd7f723000 r--s 0001e000 08:05 14813175                   /home/jeffbustercase/Área de Trabalho/idea-IU-162.2032.8/lib/idea_rt.jar
7fbd7f723000-7fbd7f724000 r--s 00002000 08:05 15467894                   /home/jeffbustercase/.gradle/caches/modules-2/files-2.1/net.java.jinput/jinput-platform/2.0.5/53f9c919f34d2ca9de8c51fc4e1e8282029a9232/jinput-platform-2.0.5-natives-osx.jar
7fbd7f724000-7fbd7f728000 r--s 0002f000 08:05 15467890                   /home/jeffbustercase/.gradle/caches/modules-2/files-2.1/net.java.jinput/jinput/2.0.5/39c7796b469a600f72380316f6b1f11db6c2c7c4/jinput-2.0.5.jar
7fbd7f728000-7fbd7f736000 r--s 000f2000 08:05 15467880                   /home/jeffbustercase/.gradle/caches/modules-2/files-2.1/org.lwjgl.lwjgl/lwjgl/2.9.2/a9d80fe5935c7a9149f6584d9777cfd471f65489/lwjgl-2.9.2.jar
7fbd7f736000-7fbd7f737000 ---p 00000000 00:00 0 
7fbd7f737000-7fbd7f837000 rw-p 00000000 00:00 0 
7fbd7f837000-7fbd7f83a000 ---p 00000000 00:00 0 
7fbd7f83a000-7fbd7f938000 rw-p 00000000 00:00 0 
7fbd7f938000-7fbd7f93b000 ---p 00000000 00:00 0 
7fbd7f93b000-7fbd7fa39000 rw-p 00000000 00:00 0 
7fbd7fa39000-7fbd7fa3c000 ---p 00000000 00:00 0 
7fbd7fa3c000-7fbd7fb3a000 rw-p 00000000 00:00 0 
7fbd7fb3a000-7fbd80000000 r--p 00000000 08:05 25691549                   /usr/lib/locale/locale-archive
7fbd80000000-7fbd80021000 rw-p 00000000 00:00 0 
7fbd80021000-7fbd84000000 ---p 00000000 00:00 0 
7fbd84000000-7fbd84021000 rw-p 00000000 00:00 0 
7fbd84021000-7fbd88000000 ---p 00000000 00:00 0 
7fbd88000000-7fbd88021000 rw-p 00000000 00:00 0 
7fbd88021000-7fbd8c000000 ---p 00000000 00:00 0 
7fbd8c000000-7fbd8c021000 rw-p 00000000 00:00 0 
7fbd8c021000-7fbd90000000 ---p 00000000 00:00 0 
7fbd90000000-7fbd90021000 rw-p 00000000 00:00 0 
7fbd90021000-7fbd94000000 ---p 00000000 00:00 0 
7fbd94000000-7fbd94021000 rw-p 00000000 00:00 0 
7fbd94021000-7fbd98000000 ---p 00000000 00:00 0 
7fbd98000000-7fbd98021000 rw-p 00000000 00:00 0 
7fbd98021000-7fbd9c000000 ---p 00000000 00:00 0 
7fbd9c000000-7fbd9c001000 r--s 00025000 08:05 15467893                   /home/jeffbustercase/.gradle/caches/modules-2/files-2.1/net.java.jinput/jinput-platform/2.0.5/385ee093e01f587f30ee1c8a2ee7d408fd732e16/jinput-platform-2.0.5-natives-windows.jar
7fbd9c001000-7fbd9c002000 r--s 00002000 08:05 15467892                   /home/jeffbustercase/.gradle/caches/modules-2/files-2.1/net.java.jinput/jinput-platform/2.0.5/7ff832a6eb9ab6a767f1ade2b548092d0fa64795/jinput-platform-2.0.5-natives-linux.jar
7fbd9c002000-7fbd9c003000 r--s 00001000 08:05 15467891                   /home/jeffbustercase/.gradle/caches/modules-2/files-2.1/net.java.jutils/jutils/1.0.0/e12fe1fda814bd348c1579329c86943d2cd3c6a6/jutils-1.0.0.jar
7fbd9c003000-7fbd9c004000 r--s 00068000 08:05 15467889                   /home/jeffbustercase/.gradle/caches/modules-2/files-2.1/org.lwjgl.lwjgl/lwjgl-platform/2.9.2/d55b46b40b40249d627a83a7f7f22649709d70c3/lwjgl-platform-2.9.2-natives-osx.jar
7fbd9c004000-7fbd9c005000 r--s 0008d000 08:05 15467888                   /home/jeffbustercase/.gradle/caches/modules-2/files-2.1/org.lwjgl.lwjgl/lwjgl-platform/2.9.2/d276cdf61fe2b516c7b7f4aa1b8dea91dbdc8d56/lwjgl-platform-2.9.2-natives-linux.jar
7fbd9c005000-7fbd9c006000 r--s 00095000 08:05 15467887                   /home/jeffbustercase/.gradle/caches/modules-2/files-2.1/org.lwjgl.lwjgl/lwjgl-platform/2.9.2/510c7d317f5e9e700b9cfaac5fd38bdebf0702e0/lwjgl-platform-2.9.2-natives-windows.jar
7fbd9c006000-7fbd9c008000 r--s 00017000 08:05 15467883                   /home/jeffbustercase/.gradle/caches/modules-2/files-2.1/org.jcraft/jorbis/0.0.17/8872d22b293e8f5d7d56ff92be966e6dc28ebdc6/jorbis-0.0.17.jar
7fbd9c008000-7fbd9c009000 r--s 00015000 08:05 15467882                   /home/jeffbustercase/.gradle/caches/modules-2/files-2.1/com.badlogicgames.jlayer/jlayer/1.0.1-gdx/7cca83cec5c1b2f011362f4d85aabd71a73b049d/jlayer-1.0.1-gdx.jar
7fbd9c009000-7fbd9c00d000 r--s 00027000 08:05 15467881                   /home/jeffbustercase/.gradle/caches/modules-2/files-2.1/org.lwjgl.lwjgl/lwjgl_util/2.9.2/4b9e37300a87799856e0bd15ed81663cdb6b0947/lwjgl_util-2.9.2.jar
7fbd9c00d000-7fbd9c00f000 r--s 00010000 08:05 15467846                   /home/jeffbustercase/.gradle/caches/modules-2/files-2.1/com.badlogicgames.gdx/gdx-box2d/1.9.4/98a0d25c9f0637fecac6e4aacf7287aa635964f5/gdx-box2d-1.9.4.jar
7fbd9c00f000-7fbd9c02a000 r--s 001b0000 08:05 15467853                   /home/jeffbustercase/.gradle/caches/modules-2/files-2.1/com.badlogicgames.gdx/gdx/1.9.4/4b4b7962d1bc75af0438f5c81ec1010557bc9ee5/gdx-1.9.4.jar
7fbd9c02a000-7fbd9c02b000 r--s 000fb000 08:05 15467878                   /home/jeffbustercase/.gradle/caches/modules-2/files-2.1/com.badlogicgames.gdx/gdx-box2d-platform/1.9.4/905a9ed3017cd3917b7fbada5ece58c40fddcbca/gdx-box2d-platform-1.9.4-natives-desktop.jar
7fbd9c02b000-7fbd9c02e000 r--s 00021000 08:05 15467876                   /home/jeffbustercase/.gradle/caches/modules-2/files-2.1/com.badlogicgames.gdx/gdx-backend-lwjgl/1.9.4/4c6c108a9dcbc07096de8594b93f9cab33856fe2/gdx-backend-lwjgl-1.9.4.jar
7fbd9c02e000-7fbd9c041000 r--s 00346000 08:05 25954887                   /usr/lib/jvm/java-8-openjdk-amd64/jre/lib/resources.jar
7fbd9c041000-7fbd9c045000 r--s 00097000 08:05 25954907                   /usr/lib/jvm/java-8-openjdk-amd64/jre/lib/jsse.jar
7fbd9c045000-7fbd9c048000 r--s 00015000 08:05 25954903                   /usr/lib/jvm/java-8-openjdk-amd64/jre/lib/jce.jar
7fbd9c048000-7fbd9c063000 r--s 001d5000 08:05 26086979                   /usr/lib/jvm/java-8-openjdk-amd64/jre/lib/ext/nashorn.jar
7fbd9c063000-7fbd9c07e000 r--s 00394000 08:05 26086976                   /usr/lib/jvm/java-8-openjdk-amd64/jre/lib/ext/cldrdata.jar
7fbd9c07e000-7fbd9c081000 ---p 00000000 00:00 0 
7fbd9c081000-7fbd9c17f000 rw-p 00000000 00:00 0 
7fbd9c17f000-7fbd9c182000 ---p 00000000 00:00 0 
7fbd9c182000-7fbd9c280000 rw-p 00000000 00:00 0 
7fbd9c280000-7fbd9c283000 ---p 00000000 00:00 0 
7fbd9c283000-7fbd9c381000 rw-p 00000000 00:00 0 
7fbd9c381000-7fbd9c384000 ---p 00000000 00:00 0 
7fbd9c384000-7fbd9c482000 rw-p 00000000 00:00 0 
7fbd9c482000-7fbd9c483000 ---p 00000000 00:00 0 
7fbd9c483000-7fbd9d4f5000 rw-p 00000000 00:00 0 
7fbd9d4f5000-7fbd9d6c3000 r--s 03bf1000 08:05 25954890                   /usr/lib/jvm/java-8-openjdk-amd64/jre/lib/rt.jar
7fbd9d6c3000-7fbd9fef7000 rw-p 00000000 00:00 0 
7fbd9fef7000-7fbd9fef8000 ---p 00000000 00:00 0 
7fbd9fef8000-7fbd9fff8000 rw-p 00000000 00:00 0 
7fbd9fff8000-7fbd9fff9000 ---p 00000000 00:00 0 
7fbd9fff9000-7fbda00f9000 rw-p 00000000 00:00 0 
7fbda00f9000-7fbda00fa000 ---p 00000000 00:00 0 
7fbda00fa000-7fbda01fa000 rw-p 00000000 00:00 0 
7fbda01fa000-7fbda01fb000 ---p 00000000 00:00 0 
7fbda01fb000-7fbda030f000 rw-p 00000000 00:00 0 
7fbda030f000-7fbda043a000 ---p 00000000 00:00 0 
7fbda043a000-7fbda044e000 rw-p 00000000 00:00 0 
7fbda044e000-7fbda0578000 ---p 00000000 00:00 0 
7fbda0578000-7fbda0583000 rw-p 00000000 00:00 0 
7fbda0583000-7fbda0618000 ---p 00000000 00:00 0 
7fbda0618000-7fbda0629000 rw-p 00000000 00:00 0 
7fbda0629000-7fbda09d9000 ---p 00000000 00:00 0 
7fbda09d9000-7fbda0da9000 rwxp 00000000 00:00 0 
7fbda0da9000-7fbdaf9d9000 ---p 00000000 00:00 0 
7fbdaf9d9000-7fbdaf9e1000 r-xp 00000000 08:05 25954862                   /usr/lib/jvm/java-8-openjdk-amd64/jre/lib/amd64/libzip.so
7fbdaf9e1000-7fbdafbe0000 ---p 00008000 08:05 25954862                   /usr/lib/jvm/java-8-openjdk-amd64/jre/lib/amd64/libzip.so
7fbdafbe0000-7fbdafbe1000 r--p 00007000 08:05 25954862                   /usr/lib/jvm/java-8-openjdk-amd64/jre/lib/amd64/libzip.so
7fbdafbe1000-7fbdafbe2000 rw-p 00008000 08:05 25954862                   /usr/lib/jvm/java-8-openjdk-amd64/jre/lib/amd64/libzip.so
7fbdafbe2000-7fbdafbed000 r-xp 00000000 08:05 33555146                   /lib/x86_64-linux-gnu/libnss_files-2.23.so
7fbdafbed000-7fbdafdec000 ---p 0000b000 08:05 33555146                   /lib/x86_64-linux-gnu/libnss_files-2.23.so
7fbdafdec000-7fbdafded000 r--p 0000a000 08:05 33555146                   /lib/x86_64-linux-gnu/libnss_files-2.23.so
7fbdafded000-7fbdafdee000 rw-p 0000b000 08:05 33555146                   /lib/x86_64-linux-gnu/libnss_files-2.23.so
7fbdafdee000-7fbdafdf4000 rw-p 00000000 00:00 0 
7fbdafdf4000-7fbdafdff000 r-xp 00000000 08:05 33555140                   /lib/x86_64-linux-gnu/libnss_nis-2.23.so
7fbdafdff000-7fbdafffe000 ---p 0000b000 08:05 33555140                   /lib/x86_64-linux-gnu/libnss_nis-2.23.so
7fbdafffe000-7fbdaffff000 r--p 0000a000 08:05 33555140                   /lib/x86_64-linux-gnu/libnss_nis-2.23.so
7fbdaffff000-7fbdb0000000 rw-p 0000b000 08:05 33555140                   /lib/x86_64-linux-gnu/libnss_nis-2.23.so
7fbdb0000000-7fbdb0410000 rw-p 00000000 00:00 0 
7fbdb0410000-7fbdb4000000 ---p 00000000 00:00 0 
7fbdb4000000-7fbdb4001000 r--s 000d5000 08:05 15467877                   /home/jeffbustercase/.gradle/caches/modules-2/files-2.1/com.badlogicgames.gdx/gdx-platform/1.9.4/8e93afecc287ab152179983fc1b5f65db4c2fa4c/gdx-platform-1.9.4-natives-desktop.jar
7fbdb4001000-7fbdb4002000 r--s 00000000 08:05 25954901                   /usr/lib/jvm/java-8-openjdk-amd64/jre/lib/management-agent.jar
7fbdb4002000-7fbdb4007000 r--s 002f9000 08:05 25954900                   /usr/lib/jvm/java-8-openjdk-amd64/jre/lib/charsets.jar
7fbdb4007000-7fbdb4011000 r--s 00116000 08:05 26086986                   /usr/lib/jvm/java-8-openjdk-amd64/jre/lib/ext/localedata.jar
7fbdb4011000-7fbdb4013000 r--s 00001000 08:05 26086989                   /usr/lib/jvm/java-8-openjdk-amd64/jre/lib/ext/dnsns.jar
7fbdb4013000-7fbdb4014000 r--s 00010000 08:05 26086987                   /usr/lib/jvm/java-8-openjdk-amd64/jre/lib/ext/zipfs.jar
7fbdb4014000-7fbdb4019000 r--s 0003b000 08:05 26086980                   /usr/lib/jvm/java-8-openjdk-amd64/jre/lib/ext/sunjce_provider.jar
7fbdb4019000-7fbdb405b000 rw-p 00000000 00:00 0 
7fbdb405b000-7fbdb4071000 r-xp 00000000 08:05 33554529                   /lib/x86_64-linux-gnu/libnsl-2.23.so
7fbdb4071000-7fbdb4270000 ---p 00016000 08:05 33554529                   /lib/x86_64-linux-gnu/libnsl-2.23.so
7fbdb4270000-7fbdb4271000 r--p 00015000 08:05 33554529                   /lib/x86_64-linux-gnu/libnsl-2.23.so
7fbdb4271000-7fbdb4272000 rw-p 00016000 08:05 33554529                   /lib/x86_64-linux-gnu/libnsl-2.23.so
7fbdb4272000-7fbdb4274000 rw-p 00000000 00:00 0 
7fbdb4274000-7fbdb427c000 r-xp 00000000 08:05 33554527                   /lib/x86_64-linux-gnu/libnss_compat-2.23.so
7fbdb427c000-7fbdb447b000 ---p 00008000 08:05 33554527                   /lib/x86_64-linux-gnu/libnss_compat-2.23.so
7fbdb447b000-7fbdb447c000 r--p 00007000 08:05 33554527                   /lib/x86_64-linux-gnu/libnss_compat-2.23.so
7fbdb447c000-7fbdb447d000 rw-p 00008000 08:05 33554527                   /lib/x86_64-linux-gnu/libnss_compat-2.23.so
7fbdb447d000-7fbdb44aa000 r-xp 00000000 08:05 25954856                   /usr/lib/jvm/java-8-openjdk-amd64/jre/lib/amd64/libjava.so
7fbdb44aa000-7fbdb46a9000 ---p 0002d000 08:05 25954856                   /usr/lib/jvm/java-8-openjdk-amd64/jre/lib/amd64/libjava.so
7fbdb46a9000-7fbdb46aa000 r--p 0002c000 08:05 25954856                   /usr/lib/jvm/java-8-openjdk-amd64/jre/lib/amd64/libjava.so
7fbdb46aa000-7fbdb46ac000 rw-p 0002d000 08:05 25954856                   /usr/lib/jvm/java-8-openjdk-amd64/jre/lib/amd64/libjava.so
7fbdb46ac000-7fbdb46bb000 r-xp 00000000 08:05 25954860                   /usr/lib/jvm/java-8-openjdk-amd64/jre/lib/amd64/libverify.so
7fbdb46bb000-7fbdb48ba000 ---p 0000f000 08:05 25954860                   /usr/lib/jvm/java-8-openjdk-amd64/jre/lib/amd64/libverify.so
7fbdb48ba000-7fbdb48bc000 r--p 0000e000 08:05 25954860                   /usr/lib/jvm/java-8-openjdk-amd64/jre/lib/amd64/libverify.so
7fbdb48bc000-7fbdb48bd000 rw-p 00010000 08:05 25954860                   /usr/lib/jvm/java-8-openjdk-amd64/jre/lib/amd64/libverify.so
7fbdb48bd000-7fbdb48c4000 r-xp 00000000 08:05 33555164                   /lib/x86_64-linux-gnu/librt-2.23.so
7fbdb48c4000-7fbdb4ac3000 ---p 00007000 08:05 33555164                   /lib/x86_64-linux-gnu/librt-2.23.so
7fbdb4ac3000-7fbdb4ac4000 r--p 00006000 08:05 33555164                   /lib/x86_64-linux-gnu/librt-2.23.so
7fbdb4ac4000-7fbdb4ac5000 rw-p 00007000 08:05 33555164                   /lib/x86_64-linux-gnu/librt-2.23.so
7fbdb4ac5000-7fbdb4adb000 r-xp 00000000 08:05 33558883                   /lib/x86_64-linux-gnu/libgcc_s.so.1
7fbdb4adb000-7fbdb4cda000 ---p 00016000 08:05 33558883                   /lib/x86_64-linux-gnu/libgcc_s.so.1
7fbdb4cda000-7fbdb4cdb000 rw-p 00015000 08:05 33558883                   /lib/x86_64-linux-gnu/libgcc_s.so.1
7fbdb4cdb000-7fbdb4de3000 r-xp 00000000 08:05 33555158                   /lib/x86_64-linux-gnu/libm-2.23.so
7fbdb4de3000-7fbdb4fe2000 ---p 00108000 08:05 33555158                   /lib/x86_64-linux-gnu/libm-2.23.so
7fbdb4fe2000-7fbdb4fe3000 r--p 00107000 08:05 33555158                   /lib/x86_64-linux-gnu/libm-2.23.so
7fbdb4fe3000-7fbdb4fe4000 rw-p 00108000 08:05 33555158                   /lib/x86_64-linux-gnu/libm-2.23.so
7fbdb4fe4000-7fbdb5156000 r-xp 00000000 08:05 25698035                   /usr/lib/x86_64-linux-gnu/libstdc++.so.6.0.21
7fbdb5156000-7fbdb5356000 ---p 00172000 08:05 25698035                   /usr/lib/x86_64-linux-gnu/libstdc++.so.6.0.21
7fbdb5356000-7fbdb5360000 r--p 00172000 08:05 25698035                   /usr/lib/x86_64-linux-gnu/libstdc++.so.6.0.21
7fbdb5360000-7fbdb5362000 rw-p 0017c000 08:05 25698035                   /usr/lib/x86_64-linux-gnu/libstdc++.so.6.0.21
7fbdb5362000-7fbdb5366000 rw-p 00000000 00:00 0 
7fbdb5366000-7fbdb5fb5000 r-xp 00000000 08:05 25954863                   /usr/lib/jvm/java-8-openjdk-amd64/jre/lib/amd64/server/libjvm.so
7fbdb5fb5000-7fbdb61b4000 ---p 00c4f000 08:05 25954863                   /usr/lib/jvm/java-8-openjdk-amd64/jre/lib/amd64/server/libjvm.so
7fbdb61b4000-7fbdb6247000 r--p 00c4e000 08:05 25954863                   /usr/lib/jvm/java-8-openjdk-amd64/jre/lib/amd64/server/libjvm.so
7fbdb6247000-7fbdb6270000 rw-p 00ce1000 08:05 25954863                   /usr/lib/jvm/java-8-openjdk-amd64/jre/lib/amd64/server/libjvm.so
7fbdb6270000-7fbdb62a0000 rw-p 00000000 00:00 0 
7fbdb62a0000-7fbdb62b8000 r-xp 00000000 08:05 33555172                   /lib/x86_64-linux-gnu/libpthread-2.23.so
7fbdb62b8000-7fbdb64b7000 ---p 00018000 08:05 33555172                   /lib/x86_64-linux-gnu/libpthread-2.23.so
7fbdb64b7000-7fbdb64b8000 r--p 00017000 08:05 33555172                   /lib/x86_64-linux-gnu/libpthread-2.23.so
7fbdb64b8000-7fbdb64b9000 rw-p 00018000 08:05 33555172                   /lib/x86_64-linux-gnu/libpthread-2.23.so
7fbdb64b9000-7fbdb64bd000 rw-p 00000000 00:00 0 
7fbdb64bd000-7fbdb64c0000 r-xp 00000000 08:05 33555176                   /lib/x86_64-linux-gnu/libdl-2.23.so
7fbdb64c0000-7fbdb66bf000 ---p 00003000 08:05 33555176                   /lib/x86_64-linux-gnu/libdl-2.23.so
7fbdb66bf000-7fbdb66c0000 r--p 00002000 08:05 33555176                   /lib/x86_64-linux-gnu/libdl-2.23.so
7fbdb66c0000-7fbdb66c1000 rw-p 00003000 08:05 33555176                   /lib/x86_64-linux-gnu/libdl-2.23.so
7fbdb66c1000-7fbdb66da000 r-xp 00000000 08:05 33559036                   /lib/x86_64-linux-gnu/libz.so.1.2.8
7fbdb66da000-7fbdb68d9000 ---p 00019000 08:05 33559036                   /lib/x86_64-linux-gnu/libz.so.1.2.8
7fbdb68d9000-7fbdb68da000 r--p 00018000 08:05 33559036                   /lib/x86_64-linux-gnu/libz.so.1.2.8
7fbdb68da000-7fbdb68db000 rw-p 00019000 08:05 33559036                   /lib/x86_64-linux-gnu/libz.so.1.2.8
7fbdb68db000-7fbdb6a9a000 r-xp 00000000 08:05 33555174                   /lib/x86_64-linux-gnu/libc-2.23.so
7fbdb6a9a000-7fbdb6c9a000 ---p 001bf000 08:05 33555174                   /lib/x86_64-linux-gnu/libc-2.23.so
7fbdb6c9a000-7fbdb6c9e000 r--p 001bf000 08:05 33555174                   /lib/x86_64-linux-gnu/libc-2.23.so
7fbdb6c9e000-7fbdb6ca0000 rw-p 001c3000 08:05 33555174                   /lib/x86_64-linux-gnu/libc-2.23.so
7fbdb6ca0000-7fbdb6ca4000 rw-p 00000000 00:00 0 
7fbdb6ca4000-7fbdb6cb1000 r-xp 00000000 08:05 25954859                   /usr/lib/jvm/java-8-openjdk-amd64/jre/lib/amd64/jli/libjli.so
7fbdb6cb1000-7fbdb6eb1000 ---p 0000d000 08:05 25954859                   /usr/lib/jvm/java-8-openjdk-amd64/jre/lib/amd64/jli/libjli.so
7fbdb6eb1000-7fbdb6eb2000 r--p 0000d000 08:05 25954859                   /usr/lib/jvm/java-8-openjdk-amd64/jre/lib/amd64/jli/libjli.so
7fbdb6eb2000-7fbdb6eb3000 rw-p 0000e000 08:05 25954859                   /usr/lib/jvm/java-8-openjdk-amd64/jre/lib/amd64/jli/libjli.so
7fbdb6eb3000-7fbdb6ed9000 r-xp 00000000 08:05 33555166                   /lib/x86_64-linux-gnu/ld-2.23.so
7fbdb6ed9000-7fbdb6edb000 r--s 00008000 08:05 26086983                   /usr/lib/jvm/java-8-openjdk-amd64/jre/lib/ext/sunec.jar
7fbdb6edb000-7fbdb6edc000 r--s 0000a000 08:05 26086982                   /usr/lib/jvm/java-8-openjdk-amd64/jre/lib/ext/jaccess.jar
7fbdb6edc000-7fbdb6fac000 rw-p 00000000 00:00 0 
7fbdb6fac000-7fbdb6faf000 ---p 00000000 00:00 0 
7fbdb6faf000-7fbdb70b2000 rw-p 00000000 00:00 0 
7fbdb70b2000-7fbdb70b5000 r--s 0000f000 08:05 26086988                   /usr/lib/jvm/java-8-openjdk-amd64/jre/lib/ext/icedtea-sound.jar
7fbdb70b5000-7fbdb70b9000 r--s 00037000 08:05 26086981                   /usr/lib/jvm/java-8-openjdk-amd64/jre/lib/ext/sunpkcs11.jar
7fbdb70b9000-7fbdb70cc000 rw-p 00000000 00:00 0 
7fbdb70cc000-7fbdb70d4000 rw-s 00000000 08:05 29887583                   /tmp/hsperfdata_jeffbustercase/7646 (deleted)
7fbdb70d4000-7fbdb70d5000 rw-p 00000000 00:00 0 
7fbdb70d5000-7fbdb70d6000 ---p 00000000 00:00 0 
7fbdb70d6000-7fbdb70d8000 rw-p 00000000 00:00 0 
7fbdb70d8000-7fbdb70d9000 r--p 00025000 08:05 33555166                   /lib/x86_64-linux-gnu/ld-2.23.so
7fbdb70d9000-7fbdb70da000 rw-p 00026000 08:05 33555166                   /lib/x86_64-linux-gnu/ld-2.23.so
7fbdb70da000-7fbdb70db000 rw-p 00000000 00:00 0 
7ffd747d4000-7ffd747f6000 rw-p 00000000 00:00 0                          [stack]
7ffd747f9000-7ffd747fb000 r--p 00000000 00:00 0                          [vvar]
7ffd747fb000-7ffd747fd000 r-xp 00000000 00:00 0                          [vdso]
ffffffffff600000-ffffffffff601000 r-xp 00000000 00:00 0                  [vsyscall]

VM Arguments:
jvm_args: -Didea.launcher.port=7548 -Didea.launcher.bin.path=/home/jeffbustercase/Área de Trabalho/idea-IU-162.2032.8/bin -Dfile.encoding=UTF-8 
java_command: com.intellij.rt.execution.application.AppMain com.cutepuppy.game.desktop.DesktopLauncher
java_class_path (initial): /usr/lib/jvm/java-1.8.0-openjdk-amd64/jre/lib/charsets.jar:/usr/lib/jvm/java-1.8.0-openjdk-amd64/jre/lib/ext/cldrdata.jar:/usr/lib/jvm/java-1.8.0-openjdk-amd64/jre/lib/ext/dnsns.jar:/usr/lib/jvm/java-1.8.0-openjdk-amd64/jre/lib/ext/icedtea-sound.jar:/usr/lib/jvm/java-1.8.0-openjdk-amd64/jre/lib/ext/jaccess.jar:/usr/lib/jvm/java-1.8.0-openjdk-amd64/jre/lib/ext/localedata.jar:/usr/lib/jvm/java-1.8.0-openjdk-amd64/jre/lib/ext/nashorn.jar:/usr/lib/jvm/java-1.8.0-openjdk-amd64/jre/lib/ext/sunec.jar:/usr/lib/jvm/java-1.8.0-openjdk-amd64/jre/lib/ext/sunjce_provider.jar:/usr/lib/jvm/java-1.8.0-openjdk-amd64/jre/lib/ext/sunpkcs11.jar:/usr/lib/jvm/java-1.8.0-openjdk-amd64/jre/lib/ext/zipfs.jar:/usr/lib/jvm/java-1.8.0-openjdk-amd64/jre/lib/jce.jar:/usr/lib/jvm/java-1.8.0-openjdk-amd64/jre/lib/jsse.jar:/usr/lib/jvm/java-1.8.0-openjdk-amd64/jre/lib/management-agent.jar:/usr/lib/jvm/java-1.8.0-openjdk-amd64/jre/lib/resources.jar:/usr/lib/jvm/java-1.8.0-openjdk-amd64/jre/lib/rt.jar:/home/jeffbustercase/IdeaProjects/CutePuppy2/desktop/build/classes/main:/home/jeffbustercase/IdeaProjects/CutePuppy2/core/build/classes/main:/home/jeffbustercase/.gradle/caches/modules-2/files-2.1/com.badlogicgames.gdx/gdx-backend-lwjgl/1.9.4/4c6c108a9dcbc07096de8594b93f9cab33856fe2/gdx-backend-lwjgl-1.9.4.jar:/home/jeffbustercase/.gradle/caches/modules-2/files-2.1/com.badlogicgames.gdx/gdx-platform/1.9.4/8e93afecc287ab152179983fc1b5f65db4c2fa4c/gdx-platform-1.9.4-natives-desktop.jar:/home/jeffbustercase/.gradle/caches/modules-2/files-2.1/com.badlogicgames.gdx/gdx-box2d-platform/1.9.4/905a9ed3017cd3917b7fbada5ece58c40fddcbca/gdx-box2d-platform-1.9.4-natives-desktop.jar:/home/jeffbustercase/.gradle/caches/modules-2/files-2.1/com.badlogicgames.gdx/gdx/1.9.4/4b4b7962d1bc75af0438f5c81ec1010557bc9ee5/gdx-1.9.4.jar:/home/jeffbustercase/.gradle/caches/modules-2/files-2.1/com.badlogicgames.gdx/gdx-box2d/1.9.4/98a0d25c9f0637fecac6e4aacf7287aa635964f5/gdx-box2d-1.9.4.jar:/home/jeffbus
Launcher Type: SUN_STANDARD

Environment Variables:
JAVA_HOME=/usr/lib/jvm/java-1.8.0-openjdk-amd64
PATH=/home/jeffbustercase/bin:/home/jeffbustercase/.local/bin:/usr/local/sbin:/usr/local/bin:/usr/sbin:/usr/bin:/sbin:/bin:/usr/games:/usr/local/games:/snap/bin
LD_LIBRARY_PATH=/home/jeffbustercase/Área de Trabalho/idea-IU-162.2032.8/bin:
SHELL=/bin/zsh
DISPLAY=:0

Signal Handlers:
SIGSEGV: [libjvm.so+0xa65880], sa_mask[0]=11111111011111111101111111111110, sa_flags=SA_RESTART|SA_SIGINFO
SIGBUS: [libjvm.so+0xa65880], sa_mask[0]=11111111011111111101111111111110, sa_flags=SA_RESTART|SA_SIGINFO
SIGFPE: [libjvm.so+0x8af1c0], sa_mask[0]=11111111011111111101111111111110, sa_flags=SA_RESTART|SA_SIGINFO
SIGPIPE: [libjvm.so+0x8af1c0], sa_mask[0]=11111111011111111101111111111110, sa_flags=SA_RESTART|SA_SIGINFO
SIGXFSZ: [libjvm.so+0x8af1c0], sa_mask[0]=11111111011111111101111111111110, sa_flags=SA_RESTART|SA_SIGINFO
SIGILL: [libjvm.so+0x8af1c0], sa_mask[0]=11111111011111111101111111111110, sa_flags=SA_RESTART|SA_SIGINFO
SIGUSR1: SIG_DFL, sa_mask[0]=00000000000000000000000000000000, sa_flags=none
SIGUSR2: [libjvm.so+0x8af070], sa_mask[0]=00100000000000000000000000000000, sa_flags=SA_RESTART|SA_SIGINFO
SIGHUP: [libjvm.so+0x8af540], sa_mask[0]=11111111011111111101111111111110, sa_flags=SA_RESTART|SA_SIGINFO
SIGINT: [libjvm.so+0x8af540], sa_mask[0]=11111111011111111101111111111110, sa_flags=SA_RESTART|SA_SIGINFO
SIGTERM: [libjvm.so+0x8af540], sa_mask[0]=11111111011111111101111111111110, sa_flags=SA_RESTART|SA_SIGINFO
SIGQUIT: [libjvm.so+0x8af540], sa_mask[0]=11111111011111111101111111111110, sa_flags=SA_RESTART|SA_SIGINFO


---------------  S Y S T E M  ---------------

OS:DISTRIB_ID=Ubuntu
DISTRIB_RELEASE=16.04
DISTRIB_CODENAME=xenial
DISTRIB_DESCRIPTION="Ubuntu 16.04.1 LTS"

uname:Linux 4.4.0-51-generic #72-Ubuntu SMP Thu Nov 24 18:29:54 UTC 2016 x86_64
libc:glibc 2.23 NPTL 2.23 
rlimit: STACK 8192k, CORE 0k, NPROC 15111, NOFILE 65536, AS infinity
load average:1,96 2,01 1,93

/proc/meminfo:
MemTotal:        3908644 kB
MemFree:          493700 kB
MemAvailable:     607516 kB
Buffers:           12596 kB
Cached:           598324 kB
SwapCached:        26100 kB
Active:          2398876 kB
Inactive:         820676 kB
Active(anon):    2238368 kB
Inactive(anon):   690360 kB
Active(file):     160508 kB
Inactive(file):   130316 kB
Unevictable:         120 kB
Mlocked:             120 kB
SwapTotal:       4056060 kB
SwapFree:        3589272 kB
Dirty:             12412 kB
Writeback:             0 kB
AnonPages:       2584916 kB
Mapped:           327096 kB
Shmem:            319948 kB
Slab:              89644 kB
SReclaimable:      51240 kB
SUnreclaim:        38404 kB
KernelStack:       11792 kB
PageTables:        47860 kB
NFS_Unstable:          0 kB
Bounce:                0 kB
WritebackTmp:          0 kB
CommitLimit:     6010380 kB
Committed_AS:    8634612 kB
VmallocTotal:   34359738367 kB
VmallocUsed:           0 kB
VmallocChunk:          0 kB
HardwareCorrupted:     0 kB
AnonHugePages:    987136 kB
CmaTotal:              0 kB
CmaFree:               0 kB
HugePages_Total:       0
HugePages_Free:        0
HugePages_Rsvd:        0
HugePages_Surp:        0
Hugepagesize:       2048 kB
DirectMap4k:      151016 kB
DirectMap2M:     3905536 kB


CPU:total 4 (2 cores per cpu, 2 threads per core) family 6 model 58 stepping 9, cmov, cx8, fxsr, mmx, sse, sse2, sse3, ssse3, sse4.1, sse4.2, popcnt, avx, clmul, erms, ht, tsc, tscinvbit, tscinv

/proc/cpuinfo:
processor	: 0
vendor_id	: GenuineIntel
cpu family	: 6
model		: 58
model name	: Intel(R) Core(TM) i3-3217U CPU @ 1.80GHz
stepping	: 9
microcode	: 0x1c
cpu MHz		: 1793.320
cache size	: 3072 KB
physical id	: 0
siblings	: 4
core id		: 0
cpu cores	: 2
apicid		: 0
initial apicid	: 0
fpu		: yes
fpu_exception	: yes
cpuid level	: 13
wp		: yes
flags		: fpu vme de pse tsc msr pae mce cx8 apic sep mtrr pge mca cmov pat pse36 clflush dts acpi mmx fxsr sse sse2 ss ht tm pbe syscall nx rdtscp lm constant_tsc arch_perfmon pebs bts rep_good nopl xtopology nonstop_tsc aperfmperf eagerfpu pni pclmulqdq dtes64 monitor ds_cpl vmx est tm2 ssse3 cx16 xtpr pdcm pcid sse4_1 sse4_2 x2apic popcnt tsc_deadline_timer xsave avx f16c lahf_lm epb tpr_shadow vnmi flexpriority ept vpid fsgsbase smep erms xsaveopt dtherm ida arat pln pts
bugs		:
bogomips	: 3591.71
clflush size	: 64
cache_alignment	: 64
address sizes	: 36 bits physical, 48 bits virtual
power management:

processor	: 1
vendor_id	: GenuineIntel
cpu family	: 6
model		: 58
model name	: Intel(R) Core(TM) i3-3217U CPU @ 1.80GHz
stepping	: 9
microcode	: 0x1c
cpu MHz		: 1771.031
cache size	: 3072 KB
physical id	: 0
siblings	: 4
core id		: 1
cpu cores	: 2
apicid		: 2
initial apicid	: 2
fpu		: yes
fpu_exception	: yes
cpuid level	: 13
wp		: yes
flags		: fpu vme de pse tsc msr pae mce cx8 apic sep mtrr pge mca cmov pat pse36 clflush dts acpi mmx fxsr sse sse2 ss ht tm pbe syscall nx rdtscp lm constant_tsc arch_perfmon pebs bts rep_good nopl xtopology nonstop_tsc aperfmperf eagerfpu pni pclmulqdq dtes64 monitor ds_cpl vmx est tm2 ssse3 cx16 xtpr pdcm pcid sse4_1 sse4_2 x2apic popcnt tsc_deadline_timer xsave avx f16c lahf_lm epb tpr_shadow vnmi flexpriority ept vpid fsgsbase smep erms xsaveopt dtherm ida arat pln pts
bugs		:
bogomips	: 3591.71
clflush size	: 64
cache_alignment	: 64
address sizes	: 36 bits physical, 48 bits virtual
power management:

processor	: 2
vendor_id	: GenuineIntel
cpu family	: 6
model		: 58
model name	: Intel(R) Core(TM) i3-3217U CPU @ 1.80GHz
stepping	: 9
microcode	: 0x1c
cpu MHz		: 1752.187
cache size	: 3072 KB
physical id	: 0
siblings	: 4
core id		: 0
cpu cores	: 2
apicid		: 1
initial apicid	: 1
fpu		: yes
fpu_exception	: yes
cpuid level	: 13
wp		: yes
flags		: fpu vme de pse tsc msr pae mce cx8 apic sep mtrr pge mca cmov pat pse36 clflush dts acpi mmx fxsr sse sse2 ss ht tm pbe syscall nx rdtscp lm constant_tsc arch_perfmon pebs bts rep_good nopl xtopology nonstop_tsc aperfmperf eagerfpu pni pclmulqdq dtes64 monitor ds_cpl vmx est tm2 ssse3 cx16 xtpr pdcm pcid sse4_1 sse4_2 x2apic popcnt tsc_deadline_timer xsave avx f16c lahf_lm epb tpr_shadow vnmi flexpriority ept vpid fsgsbase smep erms xsaveopt dtherm ida arat pln pts
bugs		:
bogomips	: 3591.71
clflush size	: 64
cache_alignment	: 64
address sizes	: 36 bits physical, 48 bits virtual
power management:

processor	: 3
vendor_id	: GenuineIntel
cpu family	: 6
model		: 58
model name	: Intel(R) Core(TM) i3-3217U CPU @ 1.80GHz
stepping	: 9
microcode	: 0x1c
cpu MHz		: 1792.476
cache size	: 3072 KB
physical id	: 0
siblings	: 4
core id		: 1
cpu cores	: 2
apicid		: 3
initial apicid	: 3
fpu		: yes
fpu_exception	: yes
cpuid level	: 13
wp		: yes
flags		: fpu vme de pse tsc msr pae mce cx8 apic sep mtrr pge mca cmov pat pse36 clflush dts acpi mmx fxsr sse sse2 ss ht tm pbe syscall nx rdtscp lm constant_tsc arch_perfmon pebs bts rep_good nopl xtopology nonstop_tsc aperfmperf eagerfpu pni pclmulqdq dtes64 monitor ds_cpl vmx est tm2 ssse3 cx16 xtpr pdcm pcid sse4_1 sse4_2 x2apic popcnt tsc_deadline_timer xsave avx f16c lahf_lm epb tpr_shadow vnmi flexpriority ept vpid fsgsbase smep erms xsaveopt dtherm ida arat pln pts
bugs		:
bogomips	: 3591.71
clflush size	: 64
cache_alignment	: 64
address sizes	: 36 bits physical, 48 bits virtual
power management:



Memory: 4k page, physical 3908644k(493700k free), swap 4056060k(3589272k free)

vm_info: OpenJDK 64-Bit Server VM (25.111-b14) for linux-amd64 JRE (1.8.0_111-8u111-b14-2ubuntu0.16.04.2-b14), built on Oct 27 2016 18:10:19 by "buildd" with gcc 5.4.0 20160609

time: Tue Dec  6 08:36:52 2016
elapsed time: 461 seconds (0d 0h 7m 41s)

